Started GET "/" for ::1 at 2020-12-07 09:05:20 +0100
  [1m[35m (3.1ms)[0m  [1m[34mSELECT sqlite_version(*)[0m
Processing by Rails::WelcomeController#index as HTML
  Rendering /home/dell/.rbenv/versions/2.7.0/lib/ruby/gems/2.7.0/gems/railties-6.0.3.4/lib/rails/templates/rails/welcome/index.html.erb
  Rendered /home/dell/.rbenv/versions/2.7.0/lib/ruby/gems/2.7.0/gems/railties-6.0.3.4/lib/rails/templates/rails/welcome/index.html.erb (Duration: 11.0ms | Allocations: 407)
Completed 200 OK in 25ms (Views: 16.8ms | ActiveRecord: 0.0ms | Allocations: 2429)


Started GET "/" for ::1 at 2020-12-07 09:10:54 +0100
Processing by Rails::WelcomeController#index as HTML
  Rendering /home/dell/.rbenv/versions/2.7.0/lib/ruby/gems/2.7.0/gems/railties-6.0.3.4/lib/rails/templates/rails/welcome/index.html.erb
  Rendered /home/dell/.rbenv/versions/2.7.0/lib/ruby/gems/2.7.0/gems/railties-6.0.3.4/lib/rails/templates/rails/welcome/index.html.erb (Duration: 6.5ms | Allocations: 511)
Completed 200 OK in 10ms (Views: 8.5ms | ActiveRecord: 0.0ms | Allocations: 1980)


Started GET "/" for ::1 at 2020-12-07 09:20:37 +0100
  [1m[35m (0.1ms)[0m  [1m[34mSELECT sqlite_version(*)[0m
  
ActiveRecord::PendingMigrationError (

Migrations are pending. To resolve this issue, run:

        rails db:migrate RAILS_ENV=development

):
  
activerecord (6.0.3.4) lib/active_record/migration.rb:586:in `check_pending!'
activerecord (6.0.3.4) lib/active_record/migration.rb:564:in `call'
actionpack (6.0.3.4) lib/action_dispatch/middleware/callbacks.rb:27:in `block in call'
activesupport (6.0.3.4) lib/active_support/callbacks.rb:101:in `run_callbacks'
actionpack (6.0.3.4) lib/action_dispatch/middleware/callbacks.rb:26:in `call'
actionpack (6.0.3.4) lib/action_dispatch/middleware/executor.rb:14:in `call'
actionpack (6.0.3.4) lib/action_dispatch/middleware/actionable_exceptions.rb:18:in `call'
actionpack (6.0.3.4) lib/action_dispatch/middleware/debug_exceptions.rb:32:in `call'
web-console (4.1.0) lib/web_console/middleware.rb:132:in `call_app'
web-console (4.1.0) lib/web_console/middleware.rb:28:in `block in call'
web-console (4.1.0) lib/web_console/middleware.rb:17:in `catch'
web-console (4.1.0) lib/web_console/middleware.rb:17:in `call'
actionpack (6.0.3.4) lib/action_dispatch/middleware/show_exceptions.rb:33:in `call'
railties (6.0.3.4) lib/rails/rack/logger.rb:37:in `call_app'
railties (6.0.3.4) lib/rails/rack/logger.rb:26:in `block in call'
activesupport (6.0.3.4) lib/active_support/tagged_logging.rb:80:in `block in tagged'
activesupport (6.0.3.4) lib/active_support/tagged_logging.rb:28:in `tagged'
activesupport (6.0.3.4) lib/active_support/tagged_logging.rb:80:in `tagged'
railties (6.0.3.4) lib/rails/rack/logger.rb:26:in `call'
sprockets-rails (3.2.2) lib/sprockets/rails/quiet_assets.rb:13:in `call'
actionpack (6.0.3.4) lib/action_dispatch/middleware/remote_ip.rb:81:in `call'
actionpack (6.0.3.4) lib/action_dispatch/middleware/request_id.rb:27:in `call'
rack (2.2.3) lib/rack/method_override.rb:24:in `call'
rack (2.2.3) lib/rack/runtime.rb:22:in `call'
activesupport (6.0.3.4) lib/active_support/cache/strategy/local_cache_middleware.rb:29:in `call'
actionpack (6.0.3.4) lib/action_dispatch/middleware/executor.rb:14:in `call'
actionpack (6.0.3.4) lib/action_dispatch/middleware/static.rb:126:in `call'
rack (2.2.3) lib/rack/sendfile.rb:110:in `call'
actionpack (6.0.3.4) lib/action_dispatch/middleware/host_authorization.rb:82:in `call'
webpacker (4.3.0) lib/webpacker/dev_server_proxy.rb:23:in `perform_request'
rack-proxy (0.6.5) lib/rack/proxy.rb:57:in `call'
railties (6.0.3.4) lib/rails/engine.rb:527:in `call'
puma (4.3.7) lib/puma/configuration.rb:228:in `call'
puma (4.3.7) lib/puma/server.rb:713:in `handle_request'
puma (4.3.7) lib/puma/server.rb:472:in `process_client'
puma (4.3.7) lib/puma/server.rb:328:in `block in run'
puma (4.3.7) lib/puma/thread_pool.rb:134:in `block in spawn_thread'
Started POST "/rails/actions" for ::1 at 2020-12-07 09:21:40 +0100
  [1m[35m (16.0ms)[0m  [1m[35mCREATE TABLE "schema_migrations" ("version" varchar NOT NULL PRIMARY KEY)[0m
  [1m[35m (12.0ms)[0m  [1m[35mCREATE TABLE "ar_internal_metadata" ("key" varchar NOT NULL PRIMARY KEY, "value" varchar, "created_at" datetime(6) NOT NULL, "updated_at" datetime(6) NOT NULL)[0m
  [1m[35m (0.3ms)[0m  [1m[34mSELECT "schema_migrations"."version" FROM "schema_migrations" ORDER BY "schema_migrations"."version" ASC[0m
Migrating to CreateBlogs (20201207082018)
  [1m[35m (0.1ms)[0m  [1m[36mbegin transaction[0m
  [1m[35m (0.6ms)[0m  [1m[35mCREATE TABLE "blogs" ("id" integer PRIMARY KEY AUTOINCREMENT NOT NULL, "created_at" datetime(6) NOT NULL, "updated_at" datetime(6) NOT NULL)[0m
  [1m[36mprimary::SchemaMigration Create (0.3ms)[0m  [1m[32mINSERT INTO "schema_migrations" ("version") VALUES (?)[0m  [["version", "20201207082018"]]
  [1m[35m (7.3ms)[0m  [1m[36mcommit transaction[0m
  [1m[36mActiveRecord::InternalMetadata Load (0.3ms)[0m  [1m[34mSELECT "ar_internal_metadata".* FROM "ar_internal_metadata" WHERE "ar_internal_metadata"."key" = ? LIMIT ?[0m  [["key", "environment"], ["LIMIT", 1]]
  [1m[35m (0.1ms)[0m  [1m[36mbegin transaction[0m
  [1m[36mActiveRecord::InternalMetadata Create (0.3ms)[0m  [1m[32mINSERT INTO "ar_internal_metadata" ("key", "value", "created_at", "updated_at") VALUES (?, ?, ?, ?)[0m  [["key", "environment"], ["value", "development"], ["created_at", "2020-12-07 08:21:40.466411"], ["updated_at", "2020-12-07 08:21:40.466411"]]
  [1m[35m (8.3ms)[0m  [1m[36mcommit transaction[0m
Started GET "/" for ::1 at 2020-12-07 09:21:40 +0100
  [1m[35m (0.4ms)[0m  [1m[34mSELECT "schema_migrations"."version" FROM "schema_migrations" ORDER BY "schema_migrations"."version" ASC[0m
Processing by Rails::WelcomeController#index as HTML
  Rendering /home/dell/.rbenv/versions/2.7.0/lib/ruby/gems/2.7.0/gems/railties-6.0.3.4/lib/rails/templates/rails/welcome/index.html.erb
  Rendered /home/dell/.rbenv/versions/2.7.0/lib/ruby/gems/2.7.0/gems/railties-6.0.3.4/lib/rails/templates/rails/welcome/index.html.erb (Duration: 6.5ms | Allocations: 179)
Completed 200 OK in 9ms (Views: 7.8ms | ActiveRecord: 0.0ms | Allocations: 785)


Started GET "/blogs" for ::1 at 2020-12-07 09:22:18 +0100
Processing by BlogsController#index as HTML
  Rendering blogs/index.html.erb within layouts/application
  [1m[36mBlog Load (0.3ms)[0m  [1m[34mSELECT "blogs".* FROM "blogs"[0m
  ↳ app/views/blogs/index.html.erb:13
  Rendered blogs/index.html.erb within layouts/application (Duration: 5.3ms | Allocations: 1143)
[Webpacker] Compiling...
[Webpacker] Compiled all packs in /home/dell/Microverse-Projects/all work/Ruby on Rails/AUTHENTICATION-Project/public/packs
[Webpacker] Hash: 15d1bb7b54cf6326b9ba
Version: webpack 4.44.2
Time: 2421ms
Built at: 12/07/2020 9:22:23 AM
                                     Asset       Size       Chunks                         Chunk Names
    js/application-9afcbb5693aa87623e69.js    124 KiB  application  [emitted] [immutable]  application
js/application-9afcbb5693aa87623e69.js.map    139 KiB  application  [emitted] [dev]        application
                             manifest.json  364 bytes               [emitted]              
Entrypoint application = js/application-9afcbb5693aa87623e69.js js/application-9afcbb5693aa87623e69.js.map
[./app/javascript/channels sync recursive _channel\.js$] ./app/javascript/channels sync _channel\.js$ 160 bytes {application} [built]
[./app/javascript/channels/index.js] 211 bytes {application} [built]
[./app/javascript/packs/application.js] 749 bytes {application} [built]
[./node_modules/webpack/buildin/module.js] (webpack)/buildin/module.js 552 bytes {application} [built]
    + 3 hidden modules

Completed 200 OK in 5148ms (Views: 5143.7ms | ActiveRecord: 0.8ms | Allocations: 25036)


Started GET "/blogs/new" for ::1 at 2020-12-07 09:22:25 +0100
Processing by BlogsController#new as HTML
  Rendering blogs/new.html.erb within layouts/application
  Rendered blogs/_form.html.erb (Duration: 17.1ms | Allocations: 4517)
  Rendered blogs/new.html.erb within layouts/application (Duration: 18.8ms | Allocations: 4850)
[Webpacker] Everything's up-to-date. Nothing to do
Completed 200 OK in 38ms (Views: 30.3ms | ActiveRecord: 0.6ms | Allocations: 10389)


Started POST "/blogs" for ::1 at 2020-12-07 09:22:27 +0100
Processing by BlogsController#create as HTML
  Parameters: {"authenticity_token"=>"pJlKbhDDKcqWdhJASlMCpcOGsYyJnKyWSxq13EEnBcp8C5sLDKdd4EaxecNrpP1Gj4le71YOn/DWzGHza0mSzg==", "commit"=>"Create Blog"}
  [1m[35m (0.1ms)[0m  [1m[36mbegin transaction[0m
  ↳ app/controllers/blogs_controller.rb:30:in `block in create'
  [1m[36mBlog Create (0.4ms)[0m  [1m[32mINSERT INTO "blogs" ("created_at", "updated_at") VALUES (?, ?)[0m  [["created_at", "2020-12-07 08:22:27.336917"], ["updated_at", "2020-12-07 08:22:27.336917"]]
  ↳ app/controllers/blogs_controller.rb:30:in `block in create'
  [1m[35m (7.4ms)[0m  [1m[36mcommit transaction[0m
  ↳ app/controllers/blogs_controller.rb:30:in `block in create'
Redirected to http://localhost:3000/blogs/1
Completed 302 Found in 19ms (ActiveRecord: 8.0ms | Allocations: 4925)


Started GET "/blogs/1" for ::1 at 2020-12-07 09:22:27 +0100
Processing by BlogsController#show as HTML
  Parameters: {"id"=>"1"}
  [1m[36mBlog Load (0.2ms)[0m  [1m[34mSELECT "blogs".* FROM "blogs" WHERE "blogs"."id" = ? LIMIT ?[0m  [["id", 1], ["LIMIT", 1]]
  ↳ app/controllers/blogs_controller.rb:67:in `set_blog'
  Rendering blogs/show.html.erb within layouts/application
  Rendered blogs/show.html.erb within layouts/application (Duration: 1.4ms | Allocations: 203)
[Webpacker] Everything's up-to-date. Nothing to do
Completed 200 OK in 13ms (Views: 9.5ms | ActiveRecord: 0.2ms | Allocations: 4905)


Started GET "/blogs" for ::1 at 2020-12-07 09:22:30 +0100
Processing by BlogsController#index as HTML
  Rendering blogs/index.html.erb within layouts/application
  [1m[36mBlog Load (0.2ms)[0m  [1m[34mSELECT "blogs".* FROM "blogs"[0m
  ↳ app/views/blogs/index.html.erb:13
  Rendered blogs/index.html.erb within layouts/application (Duration: 2.8ms | Allocations: 770)
[Webpacker] Everything's up-to-date. Nothing to do
Completed 200 OK in 13ms (Views: 11.8ms | ActiveRecord: 0.2ms | Allocations: 4657)


Started GET "/blogs/1/edit" for ::1 at 2020-12-07 09:22:33 +0100
Processing by BlogsController#edit as HTML
  Parameters: {"id"=>"1"}
  [1m[36mBlog Load (0.2ms)[0m  [1m[34mSELECT "blogs".* FROM "blogs" WHERE "blogs"."id" = ? LIMIT ?[0m  [["id", 1], ["LIMIT", 1]]
  ↳ app/controllers/blogs_controller.rb:67:in `set_blog'
  Rendering blogs/edit.html.erb within layouts/application
  Rendered blogs/_form.html.erb (Duration: 1.7ms | Allocations: 381)
  Rendered blogs/edit.html.erb within layouts/application (Duration: 2.9ms | Allocations: 619)
[Webpacker] Everything's up-to-date. Nothing to do
Completed 200 OK in 14ms (Views: 11.2ms | ActiveRecord: 0.2ms | Allocations: 5171)


  [1m[35m (0.9ms)[0m  [1m[34mSELECT sqlite_version(*)[0m
  [1m[35m (0.2ms)[0m  [1m[34mSELECT "schema_migrations"."version" FROM "schema_migrations" ORDER BY "schema_migrations"."version" ASC[0m
  [1m[36mActiveRecord::InternalMetadata Load (0.2ms)[0m  [1m[34mSELECT "ar_internal_metadata".* FROM "ar_internal_metadata" WHERE "ar_internal_metadata"."key" = ? LIMIT ?[0m  [["key", "environment"], ["LIMIT", 1]]
  [1m[35m (0.1ms)[0m  [1m[34mSELECT sqlite_version(*)[0m
  [1m[35m (0.1ms)[0m  [1m[34mSELECT "schema_migrations"."version" FROM "schema_migrations" ORDER BY "schema_migrations"."version" ASC[0m
  [1m[35m (0.4ms)[0m  [1m[34mSELECT sqlite_version(*)[0m
  [1m[35m (0.2ms)[0m  [1m[34mSELECT "schema_migrations"."version" FROM "schema_migrations" ORDER BY "schema_migrations"."version" ASC[0m
  [1m[35m (0.1ms)[0m  [1m[34mSELECT "schema_migrations"."version" FROM "schema_migrations" ORDER BY "schema_migrations"."version" ASC[0m
  [1m[35m (0.1ms)[0m  [1m[34mSELECT "schema_migrations"."version" FROM "schema_migrations" ORDER BY "schema_migrations"."version" ASC[0m
  [1m[35m (0.1ms)[0m  [1m[34mSELECT "schema_migrations"."version" FROM "schema_migrations" ORDER BY "schema_migrations"."version" ASC[0m
Migrating to CreateBlogs (20201207082018)
  [1m[35m (0.1ms)[0m  [1m[36mbegin transaction[0m
  [1m[35m (0.4ms)[0m  [1m[35mDROP TABLE "blogs"[0m
  [1m[36mprimary::SchemaMigration Destroy (0.3ms)[0m  [1m[31mDELETE FROM "schema_migrations" WHERE "schema_migrations"."version" = ?[0m  [["version", "20201207082018"]]
  [1m[35m (6.6ms)[0m  [1m[36mcommit transaction[0m
  [1m[35m (0.1ms)[0m  [1m[34mSELECT sqlite_version(*)[0m
  [1m[35m (0.1ms)[0m  [1m[34mSELECT "schema_migrations"."version" FROM "schema_migrations" ORDER BY "schema_migrations"."version" ASC[0m
Started GET "/blogs" for ::1 at 2020-12-07 09:27:24 +0100
  [1m[35m (0.1ms)[0m  [1m[34mSELECT sqlite_version(*)[0m
Processing by BlogsController#index as HTML
  Rendering blogs/index.html.erb within layouts/application
  [1m[36mBlog Load (0.9ms)[0m  [1m[34mSELECT "blogs".* FROM "blogs"[0m
  ↳ app/views/blogs/index.html.erb:13
  Rendered blogs/index.html.erb within layouts/application (Duration: 2.2ms | Allocations: 2013)
Completed 500 Internal Server Error in 5ms (ActiveRecord: 0.9ms | Allocations: 2972)


  
ActionView::Template::Error (SQLite3::SQLException: no such table: blogs):
    10:   </thead>
    11: 
    12:   <tbody>
    13:     <% @blogs.each do |blog| %>
    14:       <tr>
    15:         <td><%= link_to 'Show', blog %></td>
    16:         <td><%= link_to 'Edit', edit_blog_path(blog) %></td>
  
app/views/blogs/index.html.erb:13
Started GET "/blogs" for ::1 at 2020-12-07 09:27:39 +0100
Processing by BlogsController#index as HTML
  Rendering blogs/index.html.erb within layouts/application
  [1m[36mBlog Load (0.8ms)[0m  [1m[34mSELECT "blogs".* FROM "blogs"[0m
  ↳ app/views/blogs/index.html.erb:13
  Rendered blogs/index.html.erb within layouts/application (Duration: 2.5ms | Allocations: 2057)
Completed 500 Internal Server Error in 5ms (ActiveRecord: 0.8ms | Allocations: 2493)


  
ActionView::Template::Error (SQLite3::SQLException: no such table: blogs):
    10:   </thead>
    11: 
    12:   <tbody>
    13:     <% @blogs.each do |blog| %>
    14:       <tr>
    15:         <td><%= link_to 'Show', blog %></td>
    16:         <td><%= link_to 'Edit', edit_blog_path(blog) %></td>
  
app/views/blogs/index.html.erb:13
  [1m[35m (0.3ms)[0m  [1m[34mSELECT sqlite_version(*)[0m
  [1m[35m (0.1ms)[0m  [1m[34mSELECT "schema_migrations"."version" FROM "schema_migrations" ORDER BY "schema_migrations"."version" ASC[0m
Migrating to CreateBlogs (20201207082018)
  [1m[35m (0.1ms)[0m  [1m[36mbegin transaction[0m
  [1m[35m (0.4ms)[0m  [1m[35mCREATE TABLE "blogs" ("id" integer PRIMARY KEY AUTOINCREMENT NOT NULL, "created_at" datetime(6) NOT NULL, "updated_at" datetime(6) NOT NULL)[0m
  [1m[36mprimary::SchemaMigration Create (0.2ms)[0m  [1m[32mINSERT INTO "schema_migrations" ("version") VALUES (?)[0m  [["version", "20201207082018"]]
  [1m[35m (5.3ms)[0m  [1m[36mcommit transaction[0m
  [1m[36mActiveRecord::InternalMetadata Load (0.2ms)[0m  [1m[34mSELECT "ar_internal_metadata".* FROM "ar_internal_metadata" WHERE "ar_internal_metadata"."key" = ? LIMIT ?[0m  [["key", "environment"], ["LIMIT", 1]]
  [1m[35m (0.1ms)[0m  [1m[34mSELECT sqlite_version(*)[0m
  [1m[35m (0.3ms)[0m  [1m[34mSELECT "schema_migrations"."version" FROM "schema_migrations" ORDER BY "schema_migrations"."version" ASC[0m
Started GET "/blogs" for ::1 at 2020-12-07 09:27:53 +0100
  [1m[35m (0.1ms)[0m  [1m[34mSELECT sqlite_version(*)[0m
Processing by BlogsController#index as HTML
  Rendering blogs/index.html.erb within layouts/application
  [1m[36mBlog Load (0.2ms)[0m  [1m[34mSELECT "blogs".* FROM "blogs"[0m
  ↳ app/views/blogs/index.html.erb:13
  Rendered blogs/index.html.erb within layouts/application (Duration: 2.5ms | Allocations: 984)
[Webpacker] Everything's up-to-date. Nothing to do
Completed 200 OK in 13ms (Views: 10.6ms | ActiveRecord: 0.5ms | Allocations: 5389)


Started GET "/blogs/new" for ::1 at 2020-12-07 09:27:55 +0100
Processing by BlogsController#new as HTML
  Rendering blogs/new.html.erb within layouts/application
  Rendered blogs/_form.html.erb (Duration: 1.4ms | Allocations: 372)
  Rendered blogs/new.html.erb within layouts/application (Duration: 1.8ms | Allocations: 454)
[Webpacker] Everything's up-to-date. Nothing to do
Completed 200 OK in 16ms (Views: 9.4ms | ActiveRecord: 0.5ms | Allocations: 5829)


  [1m[35m (0.4ms)[0m  [1m[34mSELECT sqlite_version(*)[0m
  [1m[35m (0.2ms)[0m  [1m[34mSELECT "schema_migrations"."version" FROM "schema_migrations" ORDER BY "schema_migrations"."version" ASC[0m
  [1m[36mActiveRecord::InternalMetadata Load (0.2ms)[0m  [1m[34mSELECT "ar_internal_metadata".* FROM "ar_internal_metadata" WHERE "ar_internal_metadata"."key" = ? LIMIT ?[0m  [["key", "environment"], ["LIMIT", 1]]
  [1m[35m (0.1ms)[0m  [1m[34mSELECT sqlite_version(*)[0m
  [1m[35m (0.1ms)[0m  [1m[34mSELECT "schema_migrations"."version" FROM "schema_migrations" ORDER BY "schema_migrations"."version" ASC[0m
  [1m[35m (0.5ms)[0m  [1m[34mSELECT sqlite_version(*)[0m
  [1m[35m (0.1ms)[0m  [1m[34mSELECT "schema_migrations"."version" FROM "schema_migrations" ORDER BY "schema_migrations"."version" ASC[0m
  [1m[35m (0.1ms)[0m  [1m[34mSELECT "schema_migrations"."version" FROM "schema_migrations" ORDER BY "schema_migrations"."version" ASC[0m
  [1m[35m (0.1ms)[0m  [1m[34mSELECT "schema_migrations"."version" FROM "schema_migrations" ORDER BY "schema_migrations"."version" ASC[0m
  [1m[35m (0.1ms)[0m  [1m[34mSELECT "schema_migrations"."version" FROM "schema_migrations" ORDER BY "schema_migrations"."version" ASC[0m
Migrating to CreateBlogs (20201207082018)
  [1m[35m (0.1ms)[0m  [1m[36mbegin transaction[0m
  [1m[35m (2.4ms)[0m  [1m[35mDROP TABLE "blogs"[0m
  [1m[36mprimary::SchemaMigration Destroy (0.3ms)[0m  [1m[31mDELETE FROM "schema_migrations" WHERE "schema_migrations"."version" = ?[0m  [["version", "20201207082018"]]
  [1m[35m (5.2ms)[0m  [1m[36mcommit transaction[0m
  [1m[35m (0.1ms)[0m  [1m[34mSELECT sqlite_version(*)[0m
  [1m[35m (0.1ms)[0m  [1m[34mSELECT "schema_migrations"."version" FROM "schema_migrations" ORDER BY "schema_migrations"."version" ASC[0m
  [1m[35m (0.5ms)[0m  [1m[34mSELECT sqlite_version(*)[0m
  [1m[35m (0.1ms)[0m  [1m[34mSELECT "schema_migrations"."version" FROM "schema_migrations" ORDER BY "schema_migrations"."version" ASC[0m
Migrating to CreateBlogs (20201207082018)
  [1m[35m (0.1ms)[0m  [1m[36mbegin transaction[0m
  [1m[35m (1.4ms)[0m  [1m[35mCREATE TABLE "blogs" ("id" integer PRIMARY KEY AUTOINCREMENT NOT NULL, "title" varchar, "description" text, "created_at" datetime(6) NOT NULL, "updated_at" datetime(6) NOT NULL)[0m
  [1m[36mprimary::SchemaMigration Create (0.8ms)[0m  [1m[32mINSERT INTO "schema_migrations" ("version") VALUES (?)[0m  [["version", "20201207082018"]]
  [1m[35m (5.0ms)[0m  [1m[36mcommit transaction[0m
  [1m[36mActiveRecord::InternalMetadata Load (0.1ms)[0m  [1m[34mSELECT "ar_internal_metadata".* FROM "ar_internal_metadata" WHERE "ar_internal_metadata"."key" = ? LIMIT ?[0m  [["key", "environment"], ["LIMIT", 1]]
  [1m[35m (0.1ms)[0m  [1m[34mSELECT sqlite_version(*)[0m
  [1m[35m (0.2ms)[0m  [1m[34mSELECT "schema_migrations"."version" FROM "schema_migrations" ORDER BY "schema_migrations"."version" ASC[0m
  [1m[35m (0.4ms)[0m  [1m[34mSELECT sqlite_version(*)[0m
  [1m[35m (0.1ms)[0m  [1m[34mSELECT "schema_migrations"."version" FROM "schema_migrations" ORDER BY "schema_migrations"."version" ASC[0m
  [1m[35m (0.1ms)[0m  [1m[34mSELECT "schema_migrations"."version" FROM "schema_migrations" ORDER BY "schema_migrations"."version" ASC[0m
  [1m[35m (0.1ms)[0m  [1m[34mSELECT "schema_migrations"."version" FROM "schema_migrations" ORDER BY "schema_migrations"."version" ASC[0m
  [1m[35m (0.1ms)[0m  [1m[34mSELECT "schema_migrations"."version" FROM "schema_migrations" ORDER BY "schema_migrations"."version" ASC[0m
Migrating to CreateBlogs (20201207082018)
  [1m[35m (0.1ms)[0m  [1m[36mbegin transaction[0m
  [1m[35m (1.5ms)[0m  [1m[35mDROP TABLE "blogs"[0m
  [1m[36mprimary::SchemaMigration Destroy (0.3ms)[0m  [1m[31mDELETE FROM "schema_migrations" WHERE "schema_migrations"."version" = ?[0m  [["version", "20201207082018"]]
  [1m[35m (6.7ms)[0m  [1m[36mcommit transaction[0m
  [1m[35m (0.1ms)[0m  [1m[34mSELECT sqlite_version(*)[0m
  [1m[35m (0.1ms)[0m  [1m[34mSELECT "schema_migrations"."version" FROM "schema_migrations" ORDER BY "schema_migrations"."version" ASC[0m
Started GET "/blogs" for ::1 at 2020-12-07 10:18:44 +0100
  [1m[35m (0.1ms)[0m  [1m[34mSELECT sqlite_version(*)[0m
  [1m[35m (0.2ms)[0m  [1m[34mSELECT "schema_migrations"."version" FROM "schema_migrations" ORDER BY "schema_migrations"."version" ASC[0m
  
ActiveRecord::PendingMigrationError (

Migrations are pending. To resolve this issue, run:

        rails db:migrate RAILS_ENV=development

):
  
activerecord (6.0.3.4) lib/active_record/migration.rb:586:in `check_pending!'
activerecord (6.0.3.4) lib/active_record/migration.rb:564:in `call'
actionpack (6.0.3.4) lib/action_dispatch/middleware/callbacks.rb:27:in `block in call'
activesupport (6.0.3.4) lib/active_support/callbacks.rb:101:in `run_callbacks'
actionpack (6.0.3.4) lib/action_dispatch/middleware/callbacks.rb:26:in `call'
actionpack (6.0.3.4) lib/action_dispatch/middleware/executor.rb:14:in `call'
actionpack (6.0.3.4) lib/action_dispatch/middleware/actionable_exceptions.rb:18:in `call'
actionpack (6.0.3.4) lib/action_dispatch/middleware/debug_exceptions.rb:32:in `call'
web-console (4.1.0) lib/web_console/middleware.rb:132:in `call_app'
web-console (4.1.0) lib/web_console/middleware.rb:28:in `block in call'
web-console (4.1.0) lib/web_console/middleware.rb:17:in `catch'
web-console (4.1.0) lib/web_console/middleware.rb:17:in `call'
actionpack (6.0.3.4) lib/action_dispatch/middleware/show_exceptions.rb:33:in `call'
railties (6.0.3.4) lib/rails/rack/logger.rb:37:in `call_app'
railties (6.0.3.4) lib/rails/rack/logger.rb:26:in `block in call'
activesupport (6.0.3.4) lib/active_support/tagged_logging.rb:80:in `block in tagged'
activesupport (6.0.3.4) lib/active_support/tagged_logging.rb:28:in `tagged'
activesupport (6.0.3.4) lib/active_support/tagged_logging.rb:80:in `tagged'
railties (6.0.3.4) lib/rails/rack/logger.rb:26:in `call'
sprockets-rails (3.2.2) lib/sprockets/rails/quiet_assets.rb:13:in `call'
actionpack (6.0.3.4) lib/action_dispatch/middleware/remote_ip.rb:81:in `call'
actionpack (6.0.3.4) lib/action_dispatch/middleware/request_id.rb:27:in `call'
rack (2.2.3) lib/rack/method_override.rb:24:in `call'
rack (2.2.3) lib/rack/runtime.rb:22:in `call'
activesupport (6.0.3.4) lib/active_support/cache/strategy/local_cache_middleware.rb:29:in `call'
actionpack (6.0.3.4) lib/action_dispatch/middleware/executor.rb:14:in `call'
actionpack (6.0.3.4) lib/action_dispatch/middleware/static.rb:126:in `call'
rack (2.2.3) lib/rack/sendfile.rb:110:in `call'
actionpack (6.0.3.4) lib/action_dispatch/middleware/host_authorization.rb:82:in `call'
webpacker (4.3.0) lib/webpacker/dev_server_proxy.rb:23:in `perform_request'
rack-proxy (0.6.5) lib/rack/proxy.rb:57:in `call'
railties (6.0.3.4) lib/rails/engine.rb:527:in `call'
puma (4.3.7) lib/puma/configuration.rb:228:in `call'
puma (4.3.7) lib/puma/server.rb:713:in `handle_request'
puma (4.3.7) lib/puma/server.rb:472:in `process_client'
puma (4.3.7) lib/puma/server.rb:328:in `block in run'
puma (4.3.7) lib/puma/thread_pool.rb:134:in `block in spawn_thread'
  [1m[35m (0.4ms)[0m  [1m[34mSELECT sqlite_version(*)[0m
  [1m[35m (0.2ms)[0m  [1m[34mSELECT "schema_migrations"."version" FROM "schema_migrations" ORDER BY "schema_migrations"."version" ASC[0m
Migrating to CreateBlogs (20201207082018)
  [1m[35m (0.1ms)[0m  [1m[36mbegin transaction[0m
  [1m[35m (0.5ms)[0m  [1m[35mCREATE TABLE "blogs" ("id" integer PRIMARY KEY AUTOINCREMENT NOT NULL, "title" varchar, "description" text, "created_at" datetime(6) NOT NULL, "updated_at" datetime(6) NOT NULL)[0m
  [1m[36mprimary::SchemaMigration Create (0.2ms)[0m  [1m[32mINSERT INTO "schema_migrations" ("version") VALUES (?)[0m  [["version", "20201207082018"]]
  [1m[35m (6.6ms)[0m  [1m[36mcommit transaction[0m
  [1m[36mActiveRecord::InternalMetadata Load (0.2ms)[0m  [1m[34mSELECT "ar_internal_metadata".* FROM "ar_internal_metadata" WHERE "ar_internal_metadata"."key" = ? LIMIT ?[0m  [["key", "environment"], ["LIMIT", 1]]
  [1m[35m (0.1ms)[0m  [1m[34mSELECT sqlite_version(*)[0m
  [1m[35m (0.1ms)[0m  [1m[34mSELECT "schema_migrations"."version" FROM "schema_migrations" ORDER BY "schema_migrations"."version" ASC[0m
Started GET "/blogs" for ::1 at 2020-12-07 10:20:27 +0100
  [1m[35m (0.1ms)[0m  [1m[34mSELECT sqlite_version(*)[0m
  [1m[35m (0.1ms)[0m  [1m[34mSELECT "schema_migrations"."version" FROM "schema_migrations" ORDER BY "schema_migrations"."version" ASC[0m
Processing by BlogsController#index as HTML
  Rendering blogs/index.html.erb within layouts/application
  [1m[36mBlog Load (0.2ms)[0m  [1m[34mSELECT "blogs".* FROM "blogs"[0m
  ↳ app/views/blogs/index.html.erb:13
  Rendered blogs/index.html.erb within layouts/application (Duration: 2.5ms | Allocations: 1037)
[Webpacker] Everything's up-to-date. Nothing to do
Completed 200 OK in 11ms (Views: 8.5ms | ActiveRecord: 0.5ms | Allocations: 5386)


Started GET "/blogs/new" for ::1 at 2020-12-07 10:20:29 +0100
Processing by BlogsController#new as HTML
  Rendering blogs/new.html.erb within layouts/application
  Rendered blogs/_form.html.erb (Duration: 1.7ms | Allocations: 372)
  Rendered blogs/new.html.erb within layouts/application (Duration: 2.6ms | Allocations: 454)
[Webpacker] Everything's up-to-date. Nothing to do
Completed 200 OK in 17ms (Views: 10.6ms | ActiveRecord: 0.5ms | Allocations: 6867)


Started POST "/blogs" for ::1 at 2020-12-07 10:20:30 +0100
Processing by BlogsController#create as HTML
  Parameters: {"authenticity_token"=>"/tkVte0RDHwrKHn+PGw7znY6yV5mXrX2G+vhI5mj0hkmS8TQ8XV4VvvvEn0dm8QtOjUmPbnMhpCGPTUMs81FHQ==", "commit"=>"Create Blog"}
  [1m[35m (0.1ms)[0m  [1m[36mbegin transaction[0m
  ↳ app/controllers/blogs_controller.rb:30:in `block in create'
  [1m[36mBlog Create (0.8ms)[0m  [1m[32mINSERT INTO "blogs" ("created_at", "updated_at") VALUES (?, ?)[0m  [["created_at", "2020-12-07 09:20:30.822713"], ["updated_at", "2020-12-07 09:20:30.822713"]]
  ↳ app/controllers/blogs_controller.rb:30:in `block in create'
  [1m[35m (7.0ms)[0m  [1m[36mcommit transaction[0m
  ↳ app/controllers/blogs_controller.rb:30:in `block in create'
Redirected to http://localhost:3000/blogs/1
Completed 302 Found in 17ms (ActiveRecord: 7.8ms | Allocations: 4487)


Started GET "/blogs/1" for ::1 at 2020-12-07 10:20:30 +0100
Processing by BlogsController#show as HTML
  Parameters: {"id"=>"1"}
  [1m[36mBlog Load (0.4ms)[0m  [1m[34mSELECT "blogs".* FROM "blogs" WHERE "blogs"."id" = ? LIMIT ?[0m  [["id", 1], ["LIMIT", 1]]
  ↳ app/controllers/blogs_controller.rb:67:in `set_blog'
  Rendering blogs/show.html.erb within layouts/application
  Rendered blogs/show.html.erb within layouts/application (Duration: 0.5ms | Allocations: 78)
[Webpacker] Everything's up-to-date. Nothing to do
Completed 200 OK in 12ms (Views: 7.9ms | ActiveRecord: 0.4ms | Allocations: 4628)


Started GET "/blogs/1/edit" for ::1 at 2020-12-07 10:20:33 +0100
Processing by BlogsController#edit as HTML
  Parameters: {"id"=>"1"}
  [1m[36mBlog Load (0.2ms)[0m  [1m[34mSELECT "blogs".* FROM "blogs" WHERE "blogs"."id" = ? LIMIT ?[0m  [["id", 1], ["LIMIT", 1]]
  ↳ app/controllers/blogs_controller.rb:67:in `set_blog'
  Rendering blogs/edit.html.erb within layouts/application
  Rendered blogs/_form.html.erb (Duration: 1.1ms | Allocations: 353)
  Rendered blogs/edit.html.erb within layouts/application (Duration: 1.6ms | Allocations: 466)
[Webpacker] Everything's up-to-date. Nothing to do
Completed 200 OK in 12ms (Views: 9.9ms | ActiveRecord: 0.2ms | Allocations: 4888)


Started GET "/blogs/1" for ::1 at 2020-12-07 10:20:36 +0100
Processing by BlogsController#show as HTML
  Parameters: {"id"=>"1"}
  [1m[36mBlog Load (0.3ms)[0m  [1m[34mSELECT "blogs".* FROM "blogs" WHERE "blogs"."id" = ? LIMIT ?[0m  [["id", 1], ["LIMIT", 1]]
  ↳ app/controllers/blogs_controller.rb:67:in `set_blog'
  Rendering blogs/show.html.erb within layouts/application
  Rendered blogs/show.html.erb within layouts/application (Duration: 0.5ms | Allocations: 74)
[Webpacker] Everything's up-to-date. Nothing to do
Completed 200 OK in 14ms (Views: 11.0ms | ActiveRecord: 0.3ms | Allocations: 4473)


Started GET "/blogs" for ::1 at 2020-12-07 10:20:38 +0100
Processing by BlogsController#index as HTML
  Rendering blogs/index.html.erb within layouts/application
  [1m[36mBlog Load (0.2ms)[0m  [1m[34mSELECT "blogs".* FROM "blogs"[0m
  ↳ app/views/blogs/index.html.erb:13
  Rendered blogs/index.html.erb within layouts/application (Duration: 3.5ms | Allocations: 756)
[Webpacker] Everything's up-to-date. Nothing to do
Completed 200 OK in 13ms (Views: 11.1ms | ActiveRecord: 0.2ms | Allocations: 4630)


Started DELETE "/blogs/1" for ::1 at 2020-12-07 10:20:42 +0100
Processing by BlogsController#destroy as HTML
  Parameters: {"authenticity_token"=>"//on8/2b1sfDeapPV9ba/VUV+LCcilAt0Nbh674W7UP6k+iEQ/4t91xiAdk/O12Cz7Lu8+r0pGMEgYs4dXphOg==", "id"=>"1"}
  [1m[36mBlog Load (0.2ms)[0m  [1m[34mSELECT "blogs".* FROM "blogs" WHERE "blogs"."id" = ? LIMIT ?[0m  [["id", 1], ["LIMIT", 1]]
  ↳ app/controllers/blogs_controller.rb:67:in `set_blog'
  [1m[35m (0.1ms)[0m  [1m[36mbegin transaction[0m
  ↳ app/controllers/blogs_controller.rb:57:in `destroy'
  [1m[36mBlog Destroy (0.4ms)[0m  [1m[31mDELETE FROM "blogs" WHERE "blogs"."id" = ?[0m  [["id", 1]]
  ↳ app/controllers/blogs_controller.rb:57:in `destroy'
  [1m[35m (6.4ms)[0m  [1m[36mcommit transaction[0m
  ↳ app/controllers/blogs_controller.rb:57:in `destroy'
Redirected to http://localhost:3000/blogs
Completed 302 Found in 19ms (ActiveRecord: 7.2ms | Allocations: 4608)


Started GET "/blogs" for ::1 at 2020-12-07 10:20:42 +0100
Processing by BlogsController#index as HTML
  Rendering blogs/index.html.erb within layouts/application
  [1m[36mBlog Load (0.1ms)[0m  [1m[34mSELECT "blogs".* FROM "blogs"[0m
  ↳ app/views/blogs/index.html.erb:13
  Rendered blogs/index.html.erb within layouts/application (Duration: 1.7ms | Allocations: 640)
[Webpacker] Everything's up-to-date. Nothing to do
Completed 200 OK in 14ms (Views: 13.2ms | ActiveRecord: 0.1ms | Allocations: 4539)


Started GET "/blogs/new" for ::1 at 2020-12-07 10:20:45 +0100
Processing by BlogsController#new as HTML
  Rendering blogs/new.html.erb within layouts/application
  Rendered blogs/_form.html.erb (Duration: 1.3ms | Allocations: 319)
  Rendered blogs/new.html.erb within layouts/application (Duration: 2.1ms | Allocations: 401)
[Webpacker] Everything's up-to-date. Nothing to do
Completed 200 OK in 11ms (Views: 10.2ms | ActiveRecord: 0.0ms | Allocations: 4283)


Started POST "/blogs" for ::1 at 2020-12-07 10:20:46 +0100
Processing by BlogsController#create as HTML
  Parameters: {"authenticity_token"=>"dfdJt93eXhTeUstQD7Aukk/K5yk9ZLUcmhNtJjzxyNWtZZjSwboqPg6VoNMuR9FxA8UISuL2hnoHxbkJFp9f0Q==", "commit"=>"Create Blog"}
  [1m[35m (0.2ms)[0m  [1m[36mbegin transaction[0m
  ↳ app/controllers/blogs_controller.rb:30:in `block in create'
  [1m[36mBlog Create (0.5ms)[0m  [1m[32mINSERT INTO "blogs" ("created_at", "updated_at") VALUES (?, ?)[0m  [["created_at", "2020-12-07 09:20:46.085556"], ["updated_at", "2020-12-07 09:20:46.085556"]]
  ↳ app/controllers/blogs_controller.rb:30:in `block in create'
  [1m[35m (7.4ms)[0m  [1m[36mcommit transaction[0m
  ↳ app/controllers/blogs_controller.rb:30:in `block in create'
Redirected to http://localhost:3000/blogs/2
Completed 302 Found in 20ms (ActiveRecord: 8.0ms | Allocations: 4440)


Started GET "/blogs/2" for ::1 at 2020-12-07 10:20:46 +0100
Processing by BlogsController#show as HTML
  Parameters: {"id"=>"2"}
  [1m[36mBlog Load (0.2ms)[0m  [1m[34mSELECT "blogs".* FROM "blogs" WHERE "blogs"."id" = ? LIMIT ?[0m  [["id", 2], ["LIMIT", 1]]
  ↳ app/controllers/blogs_controller.rb:67:in `set_blog'
  Rendering blogs/show.html.erb within layouts/application
  Rendered blogs/show.html.erb within layouts/application (Duration: 0.5ms | Allocations: 76)
[Webpacker] Everything's up-to-date. Nothing to do
Completed 200 OK in 10ms (Views: 6.9ms | ActiveRecord: 0.2ms | Allocations: 4498)


Started GET "/blogs" for ::1 at 2020-12-07 10:24:00 +0100
Processing by BlogsController#index as HTML
  Rendering blogs/index.html.erb within layouts/application
  [1m[36mBlog Load (0.2ms)[0m  [1m[34mSELECT "blogs".* FROM "blogs"[0m
  ↳ app/views/blogs/index.html.erb:13
  Rendered blogs/index.html.erb within layouts/application (Duration: 2.9ms | Allocations: 756)
[Webpacker] Everything's up-to-date. Nothing to do
Completed 200 OK in 15ms (Views: 13.3ms | ActiveRecord: 0.2ms | Allocations: 4626)


Started GET "/blogs/new" for ::1 at 2020-12-07 10:24:03 +0100
Processing by BlogsController#new as HTML
  Rendering blogs/new.html.erb within layouts/application
  Rendered blogs/_form.html.erb (Duration: 1.0ms | Allocations: 319)
  Rendered blogs/new.html.erb within layouts/application (Duration: 1.4ms | Allocations: 401)
[Webpacker] Everything's up-to-date. Nothing to do
Completed 200 OK in 15ms (Views: 13.8ms | ActiveRecord: 0.0ms | Allocations: 4293)


Started POST "/blogs" for ::1 at 2020-12-07 10:24:04 +0100
Processing by BlogsController#create as HTML
  Parameters: {"authenticity_token"=>"BPJYvGcoAXdUcU/oRjWaESAH8iiLPQtir6rf5/ciyT/cYInZe0x1XYS2JGtnwmXybAgdS1SvOAQyfAvI3UxeOw==", "commit"=>"Create Blog"}
  [1m[35m (0.1ms)[0m  [1m[36mbegin transaction[0m
  ↳ app/controllers/blogs_controller.rb:30:in `block in create'
  [1m[36mBlog Create (0.7ms)[0m  [1m[32mINSERT INTO "blogs" ("created_at", "updated_at") VALUES (?, ?)[0m  [["created_at", "2020-12-07 09:24:04.772991"], ["updated_at", "2020-12-07 09:24:04.772991"]]
  ↳ app/controllers/blogs_controller.rb:30:in `block in create'
  [1m[35m (6.1ms)[0m  [1m[36mcommit transaction[0m
  ↳ app/controllers/blogs_controller.rb:30:in `block in create'
Redirected to http://localhost:3000/blogs/3
Completed 302 Found in 20ms (ActiveRecord: 6.9ms | Allocations: 4835)


Started GET "/blogs/3" for ::1 at 2020-12-07 10:24:04 +0100
Processing by BlogsController#show as HTML
  Parameters: {"id"=>"3"}
  [1m[36mBlog Load (0.1ms)[0m  [1m[34mSELECT "blogs".* FROM "blogs" WHERE "blogs"."id" = ? LIMIT ?[0m  [["id", 3], ["LIMIT", 1]]
  ↳ app/controllers/blogs_controller.rb:67:in `set_blog'
  Rendering blogs/show.html.erb within layouts/application
  Rendered blogs/show.html.erb within layouts/application (Duration: 0.3ms | Allocations: 76)
[Webpacker] Everything's up-to-date. Nothing to do
Completed 200 OK in 10ms (Views: 7.5ms | ActiveRecord: 0.1ms | Allocations: 4497)


Started GET "/blogs" for ::1 at 2020-12-07 10:24:06 +0100
Processing by BlogsController#index as HTML
  Rendering blogs/index.html.erb within layouts/application
  [1m[36mBlog Load (0.2ms)[0m  [1m[34mSELECT "blogs".* FROM "blogs"[0m
  ↳ app/views/blogs/index.html.erb:13
  Rendered blogs/index.html.erb within layouts/application (Duration: 3.6ms | Allocations: 874)
[Webpacker] Everything's up-to-date. Nothing to do
Completed 200 OK in 17ms (Views: 15.9ms | ActiveRecord: 0.2ms | Allocations: 4742)


Started GET "/blogs" for ::1 at 2020-12-07 10:29:40 +0100
  [1m[35m (0.1ms)[0m  [1m[34mSELECT sqlite_version(*)[0m
Processing by BlogsController#index as HTML
  Rendering blogs/index.html.erb within layouts/application
  Rendered blogs/index.html.erb within layouts/application (Duration: 4.2ms | Allocations: 1153)
Completed 500 Internal Server Error in 8ms (ActiveRecord: 0.0ms | Allocations: 2415)


  
ActionView::SyntaxErrorInTemplate (Encountered a syntax error while rendering template: check <p id="notice"><%= notice %></p>

<h1>Blogs</h1>

<table>
  <thead>
    <tr>
      <th colspan="3"></th>
    </tr>
  </thead>

  <tbody>
  <%= link_to @blogs.title, @blogs_path(blogs) %>
    <% @blogs.each do |blog| %>
      <tr>
        <td><%= link_to 'Show', blog %></td>
        <td><%= link_to 'Edit', edit_blog_path(blog) %></td>
        <td><%= link_to 'Destroy', blog, method: :delete, data: { confirm: 'Are you sure?' } %></td>
      </tr>
    <% end %>
  </tbody>
</table>

<br>

<%= link_to 'New Blog', new_blog_path %>

):
1:    <p id="notice"><%= notice %></p>
2:    
3:    <h1>Blogs</h1>
4:    
5:    <table>
6:      <thead>
7:        <tr>
8:          <th colspan="3"></th>
9:        </tr>
10:      </thead>
11:    
12:      <tbody>
13:      <%= link_to @blogs.title, @blogs_path(blogs) %>
14:        <% @blogs.each do |blog| %>
15:          <tr>
16:            <td><%= link_to 'Show', blog %></td>
17:            <td><%= link_to 'Edit', edit_blog_path(blog) %></td>
18:            <td><%= link_to 'Destroy', blog, method: :delete, data: { confirm: 'Are you sure?' } %></td>
19:          </tr>
20:        <% end %>
21:      </tbody>
22:    </table>
23:    
24:    <br>
25:    
26:    <%= link_to 'New Blog', new_blog_path %>
  
app/views/blogs/index.html.erb:13: syntax error, unexpected '(', expecting ')'
app/views/blogs/index.html.erb:13: syntax error, unexpected '(', expecting ')'
app/views/blogs/index.html.erb:13: syntax error, unexpected '(', expecting ')'
app/views/blogs/index.html.erb:13: syntax error, unexpected '(', expecting ')'
app/views/blogs/index.html.erb:13: syntax error, unexpected '(', expecting ')'
app/views/blogs/index.html.erb:13: syntax error, unexpected '(', expecting ')'
Started GET "/blogs" for ::1 at 2020-12-07 10:30:15 +0100
Processing by BlogsController#index as HTML
  Rendering blogs/index.html.erb within layouts/application
  Rendered blogs/index.html.erb within layouts/application (Duration: 1.0ms | Allocations: 1152)
Completed 500 Internal Server Error in 5ms (ActiveRecord: 0.0ms | Allocations: 2414)


  
ActionView::SyntaxErrorInTemplate (Encountered a syntax error while rendering template: check <p id="notice"><%= notice %></p>

<h1>Blogs</h1>

<table>
  <thead>
    <tr>
      <th colspan="3"></th>
    </tr>
  </thead>

  <tbody>
  
    <% @blogs.each do |blog| %>
    <%= link_to @blogs.title, @blogs_path(blogs) %>
      <tr>
        <td><%= link_to 'Show', blog %></td>
        <td><%= link_to 'Edit', edit_blog_path(blog) %></td>
        <td><%= link_to 'Destroy', blog, method: :delete, data: { confirm: 'Are you sure?' } %></td>
      </tr>
    <% end %>
  </tbody>
</table>

<br>

<%= link_to 'New Blog', new_blog_path %>

):
1:    <p id="notice"><%= notice %></p>
2:    
3:    <h1>Blogs</h1>
4:    
5:    <table>
6:      <thead>
7:        <tr>
8:          <th colspan="3"></th>
9:        </tr>
10:      </thead>
11:    
12:      <tbody>
13:      
14:        <% @blogs.each do |blog| %>
15:        <%= link_to @blogs.title, @blogs_path(blogs) %>
16:          <tr>
17:            <td><%= link_to 'Show', blog %></td>
18:            <td><%= link_to 'Edit', edit_blog_path(blog) %></td>
19:            <td><%= link_to 'Destroy', blog, method: :delete, data: { confirm: 'Are you sure?' } %></td>
20:          </tr>
21:        <% end %>
22:      </tbody>
23:    </table>
24:    
25:    <br>
26:    
27:    <%= link_to 'New Blog', new_blog_path %>
  
app/views/blogs/index.html.erb:15: syntax error, unexpected '(', expecting ')'
app/views/blogs/index.html.erb:30: syntax error, unexpected `end', expecting end-of-input
app/views/blogs/index.html.erb:15: syntax error, unexpected '(', expecting ')'
app/views/blogs/index.html.erb:30: syntax error, unexpected `end', expecting end-of-input
app/views/blogs/index.html.erb:15: syntax error, unexpected '(', expecting ')'
app/views/blogs/index.html.erb:30: syntax error, unexpected `end', expecting end-of-input
app/views/blogs/index.html.erb:15: syntax error, unexpected '(', expecting ')'
app/views/blogs/index.html.erb:30: syntax error, unexpected `end', expecting end-of-input
app/views/blogs/index.html.erb:15: syntax error, unexpected '(', expecting ')'
app/views/blogs/index.html.erb:30: syntax error, unexpected `end', expecting end-of-input
app/views/blogs/index.html.erb:15: syntax error, unexpected '(', expecting ')'
app/views/blogs/index.html.erb:30: syntax error, unexpected `end', expecting end-of-input
Started GET "/blogs" for ::1 at 2020-12-07 10:30:35 +0100
Processing by BlogsController#index as HTML
  Rendering blogs/index.html.erb within layouts/application
  [1m[36mBlog Load (0.3ms)[0m  [1m[34mSELECT "blogs".* FROM "blogs"[0m
  ↳ app/views/blogs/index.html.erb:14
  Rendered blogs/index.html.erb within layouts/application (Duration: 3.7ms | Allocations: 1112)
[Webpacker] Everything's up-to-date. Nothing to do
Completed 200 OK in 16ms (Views: 14.2ms | ActiveRecord: 0.3ms | Allocations: 6029)


Started GET "/new" for ::1 at 2020-12-07 10:36:41 +0100
  [1m[35m (0.2ms)[0m  [1m[34mSELECT sqlite_version(*)[0m
  
ActionController::RoutingError (No route matches [GET] "/new"):
  
actionpack (6.0.3.4) lib/action_dispatch/middleware/debug_exceptions.rb:36:in `call'
web-console (4.1.0) lib/web_console/middleware.rb:132:in `call_app'
web-console (4.1.0) lib/web_console/middleware.rb:28:in `block in call'
web-console (4.1.0) lib/web_console/middleware.rb:17:in `catch'
web-console (4.1.0) lib/web_console/middleware.rb:17:in `call'
actionpack (6.0.3.4) lib/action_dispatch/middleware/show_exceptions.rb:33:in `call'
railties (6.0.3.4) lib/rails/rack/logger.rb:37:in `call_app'
railties (6.0.3.4) lib/rails/rack/logger.rb:26:in `block in call'
activesupport (6.0.3.4) lib/active_support/tagged_logging.rb:80:in `block in tagged'
activesupport (6.0.3.4) lib/active_support/tagged_logging.rb:28:in `tagged'
activesupport (6.0.3.4) lib/active_support/tagged_logging.rb:80:in `tagged'
railties (6.0.3.4) lib/rails/rack/logger.rb:26:in `call'
sprockets-rails (3.2.2) lib/sprockets/rails/quiet_assets.rb:13:in `call'
actionpack (6.0.3.4) lib/action_dispatch/middleware/remote_ip.rb:81:in `call'
actionpack (6.0.3.4) lib/action_dispatch/middleware/request_id.rb:27:in `call'
rack (2.2.3) lib/rack/method_override.rb:24:in `call'
rack (2.2.3) lib/rack/runtime.rb:22:in `call'
activesupport (6.0.3.4) lib/active_support/cache/strategy/local_cache_middleware.rb:29:in `call'
actionpack (6.0.3.4) lib/action_dispatch/middleware/executor.rb:14:in `call'
actionpack (6.0.3.4) lib/action_dispatch/middleware/static.rb:126:in `call'
rack (2.2.3) lib/rack/sendfile.rb:110:in `call'
actionpack (6.0.3.4) lib/action_dispatch/middleware/host_authorization.rb:82:in `call'
webpacker (4.3.0) lib/webpacker/dev_server_proxy.rb:23:in `perform_request'
rack-proxy (0.6.5) lib/rack/proxy.rb:57:in `call'
railties (6.0.3.4) lib/rails/engine.rb:527:in `call'
puma (4.3.7) lib/puma/configuration.rb:228:in `call'
puma (4.3.7) lib/puma/server.rb:713:in `handle_request'
puma (4.3.7) lib/puma/server.rb:472:in `process_client'
puma (4.3.7) lib/puma/server.rb:328:in `block in run'
puma (4.3.7) lib/puma/thread_pool.rb:134:in `block in spawn_thread'
Started GET "/blogs/new" for ::1 at 2020-12-07 10:36:45 +0100
Processing by BlogsController#new as HTML
  Rendering blogs/new.html.erb within layouts/application
  Rendered blogs/_form.html.erb (Duration: 1.3ms | Allocations: 1330)
  Rendered blogs/new.html.erb within layouts/application (Duration: 3.3ms | Allocations: 1635)
Completed 500 Internal Server Error in 8ms (ActiveRecord: 0.0ms | Allocations: 2894)


  
ActionView::SyntaxErrorInTemplate (Encountered a syntax error while rendering template: check <%= form_with(model: blog, local: true) do |form| %>
  <% if blog.errors.any? %>
    <div id="error_explanation">
      <h2><%= pluralize(blog.errors.count, "error") %> prohibited this blog from being saved:</h2>

      <ul>
        <% blog.errors.full_messages.each do |message| %>
          <li><%= message %></li>
        <% end %>
      </ul>
    </div>
  <% end %>

  <div> 
    <%= f.label :title %>
    <%= f.text_field, placeholder: 'Title of the article' %>
  </div>
  <div> </div>

  <div class="actions">
    <%= form.submit %>
  </div>
<% end %>

):
1:    <%= form_with(model: blog, local: true) do |form| %>
2:      <% if blog.errors.any? %>
3:        <div id="error_explanation">
4:          <h2><%= pluralize(blog.errors.count, "error") %> prohibited this blog from being saved:</h2>
5:    
6:          <ul>
7:            <% blog.errors.full_messages.each do |message| %>
8:              <li><%= message %></li>
9:            <% end %>
10:          </ul>
11:        </div>
12:      <% end %>
13:    
14:      <div> 
15:        <%= f.label :title %>
16:        <%= f.text_field, placeholder: 'Title of the article' %>
17:      </div>
18:      <div> </div>
19:    
20:      <div class="actions">
21:        <%= form.submit %>
22:      </div>
23:    <% end %>
  
app/views/blogs/_form.html.erb:16: syntax error, unexpected tLABEL, expecting '='
app/views/blogs/_form.html.erb:16: syntax error, unexpected tLABEL, expecting '='
app/views/blogs/_form.html.erb:16: syntax error, unexpected tLABEL, expecting '='
app/views/blogs/_form.html.erb:16: syntax error, unexpected tLABEL, expecting '='
app/views/blogs/_form.html.erb:16: syntax error, unexpected tLABEL, expecting '='
app/views/blogs/_form.html.erb:16: syntax error, unexpected tLABEL, expecting '='
app/views/blogs/new.html.erb:3
Started GET "/blogs/new" for ::1 at 2020-12-07 10:37:38 +0100
Processing by BlogsController#new as HTML
  Rendering blogs/new.html.erb within layouts/application
  Rendered blogs/_form.html.erb (Duration: 284.2ms | Allocations: 137580)
  Rendered blogs/new.html.erb within layouts/application (Duration: 285.6ms | Allocations: 137885)
Completed 500 Internal Server Error in 291ms (ActiveRecord: 0.0ms | Allocations: 139144)


  
ActionView::Template::Error (undefined local variable or method `f' for #<#<Class:0x00007f7334d49780>:0x00007f7334d3e1c8>):
    12:   <% end %>
    13: 
    14:   <div> 
    15:     <%= f.label :title %>
    16:     <%= f.text_field :title, placeholder: "Title of article" %>
    17:   </div>
    18:   <div> </div>
  
app/views/blogs/_form.html.erb:15
app/views/blogs/_form.html.erb:1
app/views/blogs/new.html.erb:3
Started GET "/blogs/new" for ::1 at 2020-12-07 10:38:12 +0100
Processing by BlogsController#new as HTML
  Rendering blogs/new.html.erb within layouts/application
  Rendered blogs/_form.html.erb (Duration: 244.5ms | Allocations: 137561)
  Rendered blogs/new.html.erb within layouts/application (Duration: 245.5ms | Allocations: 137866)
Completed 500 Internal Server Error in 250ms (ActiveRecord: 0.0ms | Allocations: 139125)


  
ActionView::Template::Error (undefined local variable or method `f' for #<#<Class:0x00007f73346a20d0>:0x00007f733468bab0>):
    12:   <% end %>
    13: 
    14:   <div> 
    15:     <%= f.label :title %>
    16:     <%= f.text_field :title, placeholder: "Title of article" %>
    17:   </div>
    18:   <div> </div>
  
app/views/blogs/_form.html.erb:15
app/views/blogs/_form.html.erb:1
app/views/blogs/new.html.erb:3
Started GET "/blogs/new" for ::1 at 2020-12-07 10:39:06 +0100
Processing by BlogsController#new as HTML
  Rendering blogs/new.html.erb within layouts/application
  Rendered blogs/_form.html.erb (Duration: 228.8ms | Allocations: 139972)
  Rendered blogs/new.html.erb within layouts/application (Duration: 230.7ms | Allocations: 140277)
Completed 500 Internal Server Error in 235ms (ActiveRecord: 0.0ms | Allocations: 141536)


  
ActionView::Template::Error (undefined local variable or method `f' for #<#<Class:0x000055e974926540>:0x000055e97485aee0>):
    13: 
    14:   <div> 
    15:     <%= form.label :title %>
    16:     <%= f.text_field :title, placeholder: "Title of article" %>
    17:   </div>
    18:   <div> </div>
    19: 
  
app/views/blogs/_form.html.erb:16
app/views/blogs/_form.html.erb:1
app/views/blogs/new.html.erb:3
Started GET "/blogs/new" for ::1 at 2020-12-07 10:39:12 +0100
Processing by BlogsController#new as HTML
  Rendering blogs/new.html.erb within layouts/application
  Rendered blogs/_form.html.erb (Duration: 1.7ms | Allocations: 797)
  Rendered blogs/new.html.erb within layouts/application (Duration: 2.7ms | Allocations: 1122)
[Webpacker] Everything's up-to-date. Nothing to do
Completed 200 OK in 14ms (Views: 12.0ms | ActiveRecord: 0.0ms | Allocations: 6046)


Started GET "/blogs/new" for ::1 at 2020-12-07 10:39:49 +0100
Processing by BlogsController#new as HTML
  Rendering blogs/new.html.erb within layouts/application
  Rendered blogs/_form.html.erb (Duration: 10.5ms | Allocations: 3053)
  Rendered blogs/new.html.erb within layouts/application (Duration: 11.8ms | Allocations: 3377)
[Webpacker] Everything's up-to-date. Nothing to do
Completed 200 OK in 24ms (Views: 22.8ms | ActiveRecord: 0.0ms | Allocations: 8186)


Started GET "/blogs/new" for ::1 at 2020-12-07 10:40:02 +0100
Processing by BlogsController#new as HTML
  Rendering blogs/new.html.erb within layouts/application
  Rendered blogs/_form.html.erb (Duration: 3.1ms | Allocations: 1004)
  Rendered blogs/new.html.erb within layouts/application (Duration: 4.4ms | Allocations: 1332)
[Webpacker] Everything's up-to-date. Nothing to do
Completed 200 OK in 19ms (Views: 17.5ms | ActiveRecord: 0.0ms | Allocations: 6257)


Started GET "/blogs/new" for ::1 at 2020-12-07 10:40:05 +0100
Processing by BlogsController#new as HTML
  Rendering blogs/new.html.erb within layouts/application
  Rendered blogs/_form.html.erb (Duration: 2.7ms | Allocations: 705)
  Rendered blogs/new.html.erb within layouts/application (Duration: 3.3ms | Allocations: 788)
[Webpacker] Everything's up-to-date. Nothing to do
Completed 200 OK in 11ms (Views: 9.8ms | ActiveRecord: 0.0ms | Allocations: 4677)


Started GET "/blogs/new" for ::1 at 2020-12-07 10:40:21 +0100
Processing by BlogsController#new as HTML
  Rendering blogs/new.html.erb within layouts/application
  Rendered blogs/_form.html.erb (Duration: 2.2ms | Allocations: 1038)
  Rendered blogs/new.html.erb within layouts/application (Duration: 3.8ms | Allocations: 1363)
[Webpacker] Everything's up-to-date. Nothing to do
Completed 200 OK in 16ms (Views: 14.3ms | ActiveRecord: 0.0ms | Allocations: 6283)


Started GET "/blogs/new" for ::1 at 2020-12-07 10:40:38 +0100
Processing by BlogsController#new as HTML
  Rendering blogs/new.html.erb within layouts/application
  Rendered blogs/_form.html.erb (Duration: 1.9ms | Allocations: 1008)
  Rendered blogs/new.html.erb within layouts/application (Duration: 3.0ms | Allocations: 1332)
[Webpacker] Everything's up-to-date. Nothing to do
Completed 200 OK in 13ms (Views: 11.8ms | ActiveRecord: 0.0ms | Allocations: 6243)


Started POST "/blogs" for ::1 at 2020-12-07 10:40:45 +0100
Processing by BlogsController#create as HTML
  Parameters: {"authenticity_token"=>"O5oTiTkibF59x7XxRSVJEXswU3nUD11vfz0GkomiuCI+89z+h0eXbuLcHmctyM5u4ZdFOqJxqSGramxBQs40Ww==", "blog"=>{"title"=>"Gzim", "description"=>"Asani"}, "commit"=>"Create Blog"}
Completed 500 Internal Server Error in 2ms (ActiveRecord: 0.0ms | Allocations: 692)


  
ActiveModel::ForbiddenAttributesError (ActiveModel::ForbiddenAttributesError):
  
app/controllers/blogs_controller.rb:27:in `create'
Started GET "/blogs/new" for ::1 at 2020-12-07 10:48:22 +0100
  [1m[35m (0.1ms)[0m  [1m[34mSELECT sqlite_version(*)[0m
Processing by BlogsController#new as HTML
  Rendering blogs/new.html.erb within layouts/application
  Rendered blogs/_form.html.erb (Duration: 3.2ms | Allocations: 981)
  Rendered blogs/new.html.erb within layouts/application (Duration: 4.9ms | Allocations: 1305)
[Webpacker] Everything's up-to-date. Nothing to do
Completed 200 OK in 15ms (Views: 13.3ms | ActiveRecord: 0.0ms | Allocations: 6241)


Started POST "/blogs" for ::1 at 2020-12-07 10:48:26 +0100
Processing by BlogsController#create as HTML
  Parameters: {"authenticity_token"=>"Cic7XjaEaxG2YPWafPm7PzrXJYoeyE4Y9/a20Yg0jJoPTvQpiOGQISl7XgwUFDxAoHAzyWi2ulYjodwCQ1gA4w==", "blog"=>{"title"=>"asg", "description"=>"gqgwaq"}, "commit"=>"Create Blog"}
Completed 500 Internal Server Error in 2ms (ActiveRecord: 0.0ms | Allocations: 684)


  
ActiveModel::ForbiddenAttributesError (ActiveModel::ForbiddenAttributesError):
  
app/controllers/blogs_controller.rb:27:in `create'
Started GET "/blogs/new" for ::1 at 2020-12-07 10:51:40 +0100
  [1m[35m (0.1ms)[0m  [1m[34mSELECT sqlite_version(*)[0m
Processing by BlogsController#new as HTML
  Rendering blogs/new.html.erb within layouts/application
  Rendered blogs/_form.html.erb (Duration: 2.3ms | Allocations: 1061)
  Rendered blogs/new.html.erb within layouts/application (Duration: 3.6ms | Allocations: 1389)
[Webpacker] Everything's up-to-date. Nothing to do
Completed 200 OK in 22ms (Views: 12.7ms | ActiveRecord: 0.9ms | Allocations: 9548)


Started POST "/blogs" for ::1 at 2020-12-07 10:51:44 +0100
Processing by BlogsController#create as HTML
  Parameters: {"authenticity_token"=>"vnQYBQebH/9hEeMS7p2ak72viph26OOOjkjYelF7s+u7Hddyuf7kz/4KSISGcB3sJwic2wCWF8BaH7Kpmhc/kg==", "blog"=>{"title"=>"gzim", "description"=>"asani"}, "commit"=>"Create Blog"}
  [1m[35m (0.1ms)[0m  [1m[36mbegin transaction[0m
  ↳ app/controllers/blogs_controller.rb:30:in `block in create'
  [1m[36mBlog Create (0.5ms)[0m  [1m[32mINSERT INTO "blogs" ("title", "description", "created_at", "updated_at") VALUES (?, ?, ?, ?)[0m  [["title", "gzim"], ["description", "asani"], ["created_at", "2020-12-07 09:51:44.585885"], ["updated_at", "2020-12-07 09:51:44.585885"]]
  ↳ app/controllers/blogs_controller.rb:30:in `block in create'
  [1m[35m (6.0ms)[0m  [1m[36mcommit transaction[0m
  ↳ app/controllers/blogs_controller.rb:30:in `block in create'
Redirected to http://localhost:3000/blogs/4
Completed 302 Found in 21ms (ActiveRecord: 6.6ms | Allocations: 4966)


Started GET "/blogs/4" for ::1 at 2020-12-07 10:51:44 +0100
Processing by BlogsController#show as HTML
  Parameters: {"id"=>"4"}
  [1m[36mBlog Load (0.3ms)[0m  [1m[34mSELECT "blogs".* FROM "blogs" WHERE "blogs"."id" = ? LIMIT ?[0m  [["id", 4], ["LIMIT", 1]]
  ↳ app/controllers/blogs_controller.rb:67:in `set_blog'
  Rendering blogs/show.html.erb within layouts/application
  Rendered blogs/show.html.erb within layouts/application (Duration: 0.9ms | Allocations: 200)
[Webpacker] Everything's up-to-date. Nothing to do
Completed 200 OK in 13ms (Views: 9.2ms | ActiveRecord: 0.3ms | Allocations: 4906)


Started GET "/blogs" for ::1 at 2020-12-07 10:51:46 +0100
Processing by BlogsController#index as HTML
  Rendering blogs/index.html.erb within layouts/application
  [1m[36mBlog Load (0.2ms)[0m  [1m[34mSELECT "blogs".* FROM "blogs"[0m
  ↳ app/views/blogs/index.html.erb:14
  Rendered blogs/index.html.erb within layouts/application (Duration: 2.7ms | Allocations: 1231)
[Webpacker] Everything's up-to-date. Nothing to do
Completed 200 OK in 11ms (Views: 9.8ms | ActiveRecord: 0.2ms | Allocations: 5253)


Started GET "/blogs/4" for ::1 at 2020-12-07 10:51:50 +0100
Processing by BlogsController#show as HTML
  Parameters: {"id"=>"4"}
  [1m[36mBlog Load (0.2ms)[0m  [1m[34mSELECT "blogs".* FROM "blogs" WHERE "blogs"."id" = ? LIMIT ?[0m  [["id", 4], ["LIMIT", 1]]
  ↳ app/controllers/blogs_controller.rb:67:in `set_blog'
  Rendering blogs/show.html.erb within layouts/application
  Rendered blogs/show.html.erb within layouts/application (Duration: 1.0ms | Allocations: 75)
[Webpacker] Everything's up-to-date. Nothing to do
Completed 200 OK in 19ms (Views: 15.4ms | ActiveRecord: 0.2ms | Allocations: 4480)


Started GET "/blogs" for ::1 at 2020-12-07 10:51:52 +0100
Processing by BlogsController#index as HTML
  Rendering blogs/index.html.erb within layouts/application
  [1m[36mBlog Load (0.2ms)[0m  [1m[34mSELECT "blogs".* FROM "blogs"[0m
  ↳ app/views/blogs/index.html.erb:14
  Rendered blogs/index.html.erb within layouts/application (Duration: 3.4ms | Allocations: 994)
[Webpacker] Everything's up-to-date. Nothing to do
Completed 200 OK in 14ms (Views: 13.2ms | ActiveRecord: 0.2ms | Allocations: 4862)


Started GET "/blogs/3" for ::1 at 2020-12-07 10:51:53 +0100
Processing by BlogsController#show as HTML
  Parameters: {"id"=>"3"}
  [1m[36mBlog Load (0.2ms)[0m  [1m[34mSELECT "blogs".* FROM "blogs" WHERE "blogs"."id" = ? LIMIT ?[0m  [["id", 3], ["LIMIT", 1]]
  ↳ app/controllers/blogs_controller.rb:67:in `set_blog'
  Rendering blogs/show.html.erb within layouts/application
  Rendered blogs/show.html.erb within layouts/application (Duration: 0.5ms | Allocations: 74)
[Webpacker] Everything's up-to-date. Nothing to do
Completed 200 OK in 12ms (Views: 9.3ms | ActiveRecord: 0.2ms | Allocations: 4471)


Started GET "/blogs" for ::1 at 2020-12-07 10:51:54 +0100
Processing by BlogsController#index as HTML
  Rendering blogs/index.html.erb within layouts/application
  [1m[36mBlog Load (0.2ms)[0m  [1m[34mSELECT "blogs".* FROM "blogs"[0m
  ↳ app/views/blogs/index.html.erb:14
  Rendered blogs/index.html.erb within layouts/application (Duration: 3.3ms | Allocations: 994)
[Webpacker] Everything's up-to-date. Nothing to do
Completed 200 OK in 16ms (Views: 14.3ms | ActiveRecord: 0.2ms | Allocations: 4874)


Started GET "/blogs/4" for ::1 at 2020-12-07 10:52:32 +0100
Processing by BlogsController#show as HTML
  Parameters: {"id"=>"4"}
  [1m[36mBlog Load (0.2ms)[0m  [1m[34mSELECT "blogs".* FROM "blogs" WHERE "blogs"."id" = ? LIMIT ?[0m  [["id", 4], ["LIMIT", 1]]
  ↳ app/controllers/blogs_controller.rb:67:in `set_blog'
  Rendering blogs/show.html.erb within layouts/application
  Rendered blogs/show.html.erb within layouts/application (Duration: 1.2ms | Allocations: 74)
[Webpacker] Everything's up-to-date. Nothing to do
Completed 200 OK in 19ms (Views: 16.1ms | ActiveRecord: 0.2ms | Allocations: 4486)


Started GET "/blogs/4/edit" for ::1 at 2020-12-07 10:52:48 +0100
Processing by BlogsController#edit as HTML
  Parameters: {"id"=>"4"}
  [1m[36mBlog Load (0.2ms)[0m  [1m[34mSELECT "blogs".* FROM "blogs" WHERE "blogs"."id" = ? LIMIT ?[0m  [["id", 4], ["LIMIT", 1]]
  ↳ app/controllers/blogs_controller.rb:67:in `set_blog'
  Rendering blogs/edit.html.erb within layouts/application
  Rendered blogs/_form.html.erb (Duration: 2.7ms | Allocations: 752)
  Rendered blogs/edit.html.erb within layouts/application (Duration: 4.0ms | Allocations: 991)
[Webpacker] Everything's up-to-date. Nothing to do
Completed 200 OK in 17ms (Views: 13.9ms | ActiveRecord: 0.2ms | Allocations: 5548)


Started GET "/blogs/4" for ::1 at 2020-12-07 10:54:07 +0100
Processing by BlogsController#show as HTML
  Parameters: {"id"=>"4"}
  [1m[36mBlog Load (0.2ms)[0m  [1m[34mSELECT "blogs".* FROM "blogs" WHERE "blogs"."id" = ? LIMIT ?[0m  [["id", 4], ["LIMIT", 1]]
  ↳ app/controllers/blogs_controller.rb:67:in `set_blog'
  Rendering blogs/show.html.erb within layouts/application
  Rendered blogs/show.html.erb within layouts/application (Duration: 0.4ms | Allocations: 75)
[Webpacker] Everything's up-to-date. Nothing to do
Completed 200 OK in 13ms (Views: 10.0ms | ActiveRecord: 0.2ms | Allocations: 4472)


Started GET "/blogs/4" for ::1 at 2020-12-07 10:58:02 +0100
Processing by BlogsController#show as HTML
  Parameters: {"id"=>"4"}
  [1m[36mBlog Load (0.2ms)[0m  [1m[34mSELECT "blogs".* FROM "blogs" WHERE "blogs"."id" = ? LIMIT ?[0m  [["id", 4], ["LIMIT", 1]]
  ↳ app/controllers/blogs_controller.rb:67:in `set_blog'
  Rendering blogs/show.html.erb within layouts/application
  Rendered blogs/show.html.erb within layouts/application (Duration: 226.5ms | Allocations: 137358)
Completed 500 Internal Server Error in 234ms (ActiveRecord: 0.2ms | Allocations: 139146)


  
ActionView::Template::Error (undefined local variable or method `blogs' for #<#<Class:0x00007f7334d17640>:0x00007f7334d140d0>
Did you mean?  @blog):
    1: <p id="notice"><%= notice %></p>
    2: 
    3: <p><strong>Title:</strong> <%= blogs.title %> </p>
    4: <p><strong>Description:</strong> <%= blogs.description %> </p>
    5: 
    6: <%= link_to 'Edit', edit_blog_path(@blog) %> |
  
app/views/blogs/show.html.erb:3
Started GET "/blogs" for ::1 at 2020-12-07 10:58:16 +0100
Processing by BlogsController#index as HTML
  Rendering blogs/index.html.erb within layouts/application
  [1m[36mBlog Load (0.2ms)[0m  [1m[34mSELECT "blogs".* FROM "blogs"[0m
  ↳ app/views/blogs/index.html.erb:14
  Rendered blogs/index.html.erb within layouts/application (Duration: 3.7ms | Allocations: 1213)
[Webpacker] Everything's up-to-date. Nothing to do
Completed 200 OK in 15ms (Views: 13.4ms | ActiveRecord: 0.2ms | Allocations: 6127)


Started GET "/blogs/4" for ::1 at 2020-12-07 10:58:18 +0100
Processing by BlogsController#show as HTML
  Parameters: {"id"=>"4"}
  [1m[36mBlog Load (0.2ms)[0m  [1m[34mSELECT "blogs".* FROM "blogs" WHERE "blogs"."id" = ? LIMIT ?[0m  [["id", 4], ["LIMIT", 1]]
  ↳ app/controllers/blogs_controller.rb:67:in `set_blog'
  Rendering blogs/show.html.erb within layouts/application
  Rendered blogs/show.html.erb within layouts/application (Duration: 2.4ms | Allocations: 1558)
Completed 500 Internal Server Error in 7ms (ActiveRecord: 0.2ms | Allocations: 2662)


  
ActionView::Template::Error (undefined method `title' for nil:NilClass):
    1: <p id="notice"><%= notice %></p>
    2: 
    3: <p><strong>Title:</strong> <%= @blogs.title %> </p>
    4: <p><strong>Description:</strong> <%= @blogs.description %> </p>
    5: 
    6: <%= link_to 'Edit', edit_blog_path(@blog) %> |
  
app/views/blogs/show.html.erb:3
Started GET "/blogs/4" for ::1 at 2020-12-07 10:59:02 +0100
Processing by BlogsController#show as HTML
  Parameters: {"id"=>"4"}
  [1m[36mBlog Load (0.1ms)[0m  [1m[34mSELECT "blogs".* FROM "blogs" WHERE "blogs"."id" = ? LIMIT ?[0m  [["id", 4], ["LIMIT", 1]]
  ↳ app/controllers/blogs_controller.rb:67:in `set_blog'
  Rendering blogs/show.html.erb within layouts/application
  Rendered blogs/show.html.erb within layouts/application (Duration: 1.0ms | Allocations: 232)
[Webpacker] Everything's up-to-date. Nothing to do
Completed 200 OK in 13ms (Views: 10.2ms | ActiveRecord: 0.1ms | Allocations: 5682)


Started GET "/blogs/4/edit" for ::1 at 2020-12-07 11:01:20 +0100
Processing by BlogsController#edit as HTML
  Parameters: {"id"=>"4"}
  [1m[36mBlog Load (0.2ms)[0m  [1m[34mSELECT "blogs".* FROM "blogs" WHERE "blogs"."id" = ? LIMIT ?[0m  [["id", 4], ["LIMIT", 1]]
  ↳ app/controllers/blogs_controller.rb:67:in `set_blog'
  Rendering blogs/edit.html.erb within layouts/application
  Rendered blogs/_form.html.erb (Duration: 9.9ms | Allocations: 1055)
  Rendered blogs/edit.html.erb within layouts/application (Duration: 11.8ms | Allocations: 1427)
[Webpacker] Everything's up-to-date. Nothing to do
Completed 200 OK in 25ms (Views: 20.7ms | ActiveRecord: 0.2ms | Allocations: 5986)


Started GET "/blogs" for ::1 at 2020-12-07 11:01:23 +0100
Processing by BlogsController#index as HTML
  Rendering blogs/index.html.erb within layouts/application
  [1m[36mBlog Load (0.1ms)[0m  [1m[34mSELECT "blogs".* FROM "blogs"[0m
  ↳ app/views/blogs/index.html.erb:14
  Rendered blogs/index.html.erb within layouts/application (Duration: 4.2ms | Allocations: 1213)
[Webpacker] Everything's up-to-date. Nothing to do
Completed 200 OK in 13ms (Views: 11.3ms | ActiveRecord: 0.1ms | Allocations: 5237)


Started GET "/blogs" for ::1 at 2020-12-07 11:03:35 +0100
Processing by BlogsController#index as HTML
  Rendering blogs/index.html.erb within layouts/application
  [1m[36mBlog Load (0.2ms)[0m  [1m[34mSELECT "blogs".* FROM "blogs"[0m
  ↳ app/views/blogs/index.html.erb:14
  Rendered blogs/index.html.erb within layouts/application (Duration: 230.7ms | Allocations: 138381)
Completed 500 Internal Server Error in 235ms (ActiveRecord: 0.2ms | Allocations: 139651)


  
ActionView::Template::Error (undefined local variable or method `article' for #<#<Class:0x00007f7334d9b440>:0x00007f7334d7f600>):
    13:   
    14:     <% @blogs.each do |blog| %>
    15:       <tr>
    16:          <h5><%= link_to article.title, article_path(article) %></h5>
    17:           <p><%= article.description %></p>
    18:         <td><%= link_to 'Show', blog %></td>
    19:         <td><%= link_to 'Edit', edit_blog_path(blog) %></td>
  
app/views/blogs/index.html.erb:16
app/views/blogs/index.html.erb:14
Started GET "/blogs" for ::1 at 2020-12-07 11:03:51 +0100
Processing by BlogsController#index as HTML
  Rendering blogs/index.html.erb within layouts/application
  [1m[36mBlog Load (0.1ms)[0m  [1m[34mSELECT "blogs".* FROM "blogs"[0m
  ↳ app/views/blogs/index.html.erb:14
  Rendered blogs/index.html.erb within layouts/application (Duration: 229.5ms | Allocations: 138361)
Completed 500 Internal Server Error in 234ms (ActiveRecord: 0.1ms | Allocations: 139632)


  
ActionView::Template::Error (undefined local variable or method `article' for #<#<Class:0x00007f733499b9a8>:0x00007f7334999f90>):
    13:   
    14:     <% @blogs.each do |blog| %>
    15:       <tr>
    16:          <h5><%= link_to blog.title, article_path(article) %></h5>
    17:           <p><%= blog.description %></p>
    18:         <td><%= link_to 'Show', blog %></td>
    19:         <td><%= link_to 'Edit', edit_blog_path(blog) %></td>
  
app/views/blogs/index.html.erb:16
app/views/blogs/index.html.erb:14
Started GET "/blogs" for ::1 at 2020-12-07 11:04:13 +0100
Processing by BlogsController#index as HTML
  Rendering blogs/index.html.erb within layouts/application
  [1m[36mBlog Load (0.2ms)[0m  [1m[34mSELECT "blogs".* FROM "blogs"[0m
  ↳ app/views/blogs/index.html.erb:14
  Rendered blogs/index.html.erb within layouts/application (Duration: 222.1ms | Allocations: 138361)
Completed 500 Internal Server Error in 226ms (ActiveRecord: 0.2ms | Allocations: 139632)


  
ActionView::Template::Error (undefined local variable or method `article' for #<#<Class:0x000055e975d4fcb0>:0x000055e975d21c48>):
    13:   
    14:     <% @blogs.each do |blog| %>
    15:       <tr>
    16:          <h5><%= link_to blog.title, blog_path(article) %></h5>
    17:          <p><%= blog.description %></p>
    18:         <td><%= link_to 'Show', blog %></td>
    19:         <td><%= link_to 'Edit', edit_blog_path(blog) %></td>
  
app/views/blogs/index.html.erb:16
app/views/blogs/index.html.erb:14
Started GET "/blogs" for ::1 at 2020-12-07 11:04:23 +0100
Processing by BlogsController#index as HTML
  Rendering blogs/index.html.erb within layouts/application
  [1m[36mBlog Load (0.2ms)[0m  [1m[34mSELECT "blogs".* FROM "blogs"[0m
  ↳ app/views/blogs/index.html.erb:14
  Rendered blogs/index.html.erb within layouts/application (Duration: 3.5ms | Allocations: 1317)
[Webpacker] Everything's up-to-date. Nothing to do
Completed 200 OK in 13ms (Views: 11.3ms | ActiveRecord: 0.2ms | Allocations: 6243)


Started GET "/blogs" for ::1 at 2020-12-07 11:04:48 +0100
Processing by BlogsController#index as HTML
  Rendering blogs/index.html.erb within layouts/application
  [1m[36mBlog Load (0.1ms)[0m  [1m[34mSELECT "blogs".* FROM "blogs"[0m
  ↳ app/views/blogs/index.html.erb:14
  Rendered blogs/index.html.erb within layouts/application (Duration: 3.0ms | Allocations: 1321)
[Webpacker] Everything's up-to-date. Nothing to do
Completed 200 OK in 12ms (Views: 10.9ms | ActiveRecord: 0.1ms | Allocations: 6215)


Started GET "/blogs" for ::1 at 2020-12-07 11:04:50 +0100
Processing by BlogsController#index as HTML
  Rendering blogs/index.html.erb within layouts/application
  [1m[36mBlog Load (0.2ms)[0m  [1m[34mSELECT "blogs".* FROM "blogs"[0m
  ↳ app/views/blogs/index.html.erb:14
  Rendered blogs/index.html.erb within layouts/application (Duration: 3.1ms | Allocations: 1080)
[Webpacker] Everything's up-to-date. Nothing to do
Completed 200 OK in 12ms (Views: 11.2ms | ActiveRecord: 0.2ms | Allocations: 4957)


Started GET "/blogs" for ::1 at 2020-12-07 11:06:00 +0100
Processing by BlogsController#index as HTML
  Rendering blogs/index.html.erb within layouts/application
  [1m[36mBlog Load (0.1ms)[0m  [1m[34mSELECT "blogs".* FROM "blogs"[0m
  ↳ app/views/blogs/index.html.erb:14
  Rendered blogs/index.html.erb within layouts/application (Duration: 2.8ms | Allocations: 1326)
[Webpacker] Everything's up-to-date. Nothing to do
Completed 200 OK in 13ms (Views: 11.7ms | ActiveRecord: 0.1ms | Allocations: 6237)


Started GET "/blogs" for ::1 at 2020-12-07 11:06:33 +0100
Processing by BlogsController#index as HTML
  Rendering blogs/index.html.erb within layouts/application
  [1m[36mBlog Load (0.2ms)[0m  [1m[34mSELECT "blogs".* FROM "blogs"[0m
  ↳ app/views/blogs/index.html.erb:14
  Rendered blogs/index.html.erb within layouts/application (Duration: 4.3ms | Allocations: 1325)
[Webpacker] Everything's up-to-date. Nothing to do
Completed 200 OK in 15ms (Views: 13.8ms | ActiveRecord: 0.2ms | Allocations: 6223)


Started GET "/blogs/2" for ::1 at 2020-12-07 11:06:38 +0100
Processing by BlogsController#show as HTML
  Parameters: {"id"=>"2"}
  [1m[36mBlog Load (0.2ms)[0m  [1m[34mSELECT "blogs".* FROM "blogs" WHERE "blogs"."id" = ? LIMIT ?[0m  [["id", 2], ["LIMIT", 1]]
  ↳ app/controllers/blogs_controller.rb:67:in `set_blog'
  Rendering blogs/show.html.erb within layouts/application
  Rendered blogs/show.html.erb within layouts/application (Duration: 1.0ms | Allocations: 229)
[Webpacker] Everything's up-to-date. Nothing to do
Completed 200 OK in 12ms (Views: 9.3ms | ActiveRecord: 0.2ms | Allocations: 4775)


Started DELETE "/blogs/2" for ::1 at 2020-12-07 11:06:50 +0100
Processing by BlogsController#destroy as HTML
  Parameters: {"authenticity_token"=>"4USiyMstVg2G1pCpeJ7LiX+A97PehFrlauDIWztVuaLkLW2/dUitPRnNOz8Qc0z25Sfh8Kj6rqu+t6KI8Dk12w==", "id"=>"2"}
  [1m[36mBlog Load (0.2ms)[0m  [1m[34mSELECT "blogs".* FROM "blogs" WHERE "blogs"."id" = ? LIMIT ?[0m  [["id", 2], ["LIMIT", 1]]
  ↳ app/controllers/blogs_controller.rb:67:in `set_blog'
  [1m[35m (0.1ms)[0m  [1m[36mbegin transaction[0m
  ↳ app/controllers/blogs_controller.rb:57:in `destroy'
  [1m[36mBlog Destroy (0.3ms)[0m  [1m[31mDELETE FROM "blogs" WHERE "blogs"."id" = ?[0m  [["id", 2]]
  ↳ app/controllers/blogs_controller.rb:57:in `destroy'
  [1m[35m (8.4ms)[0m  [1m[36mcommit transaction[0m
  ↳ app/controllers/blogs_controller.rb:57:in `destroy'
Redirected to http://localhost:3000/blogs
Completed 302 Found in 23ms (ActiveRecord: 9.0ms | Allocations: 4977)


Started GET "/blogs" for ::1 at 2020-12-07 11:06:50 +0100
Processing by BlogsController#index as HTML
  Rendering blogs/index.html.erb within layouts/application
  [1m[36mBlog Load (0.1ms)[0m  [1m[34mSELECT "blogs".* FROM "blogs"[0m
  ↳ app/views/blogs/index.html.erb:14
  Rendered blogs/index.html.erb within layouts/application (Duration: 2.4ms | Allocations: 934)
[Webpacker] Everything's up-to-date. Nothing to do
Completed 200 OK in 10ms (Views: 8.7ms | ActiveRecord: 0.1ms | Allocations: 4823)


Started DELETE "/blogs/3" for ::1 at 2020-12-07 11:06:52 +0100
Processing by BlogsController#destroy as HTML
  Parameters: {"authenticity_token"=>"oBQPDUDbbPF5SJE5qkwVwl3NBKaQmIwhV3L02GogCN6lfcB6/r6XweZTOq/CoZK9x2oS5ebmeG+DJZ4LoUyEpw==", "id"=>"3"}
  [1m[36mBlog Load (0.2ms)[0m  [1m[34mSELECT "blogs".* FROM "blogs" WHERE "blogs"."id" = ? LIMIT ?[0m  [["id", 3], ["LIMIT", 1]]
  ↳ app/controllers/blogs_controller.rb:67:in `set_blog'
  [1m[35m (0.1ms)[0m  [1m[36mbegin transaction[0m
  ↳ app/controllers/blogs_controller.rb:57:in `destroy'
  [1m[36mBlog Destroy (0.4ms)[0m  [1m[31mDELETE FROM "blogs" WHERE "blogs"."id" = ?[0m  [["id", 3]]
  ↳ app/controllers/blogs_controller.rb:57:in `destroy'
  [1m[35m (7.9ms)[0m  [1m[36mcommit transaction[0m
  ↳ app/controllers/blogs_controller.rb:57:in `destroy'
Redirected to http://localhost:3000/blogs
Completed 302 Found in 17ms (ActiveRecord: 8.6ms | Allocations: 3480)


Started GET "/blogs" for ::1 at 2020-12-07 11:06:52 +0100
Processing by BlogsController#index as HTML
  Rendering blogs/index.html.erb within layouts/application
  [1m[36mBlog Load (0.2ms)[0m  [1m[34mSELECT "blogs".* FROM "blogs"[0m
  ↳ app/views/blogs/index.html.erb:14
  Rendered blogs/index.html.erb within layouts/application (Duration: 4.1ms | Allocations: 788)
[Webpacker] Everything's up-to-date. Nothing to do
Completed 200 OK in 11ms (Views: 10.0ms | ActiveRecord: 0.2ms | Allocations: 4676)


Started GET "/blogs" for ::1 at 2020-12-07 11:06:56 +0100
Processing by BlogsController#index as HTML
  Rendering blogs/index.html.erb within layouts/application
  [1m[36mBlog Load (0.2ms)[0m  [1m[34mSELECT "blogs".* FROM "blogs"[0m
  ↳ app/views/blogs/index.html.erb:14
  Rendered blogs/index.html.erb within layouts/application (Duration: 2.1ms | Allocations: 786)
[Webpacker] Everything's up-to-date. Nothing to do
Completed 200 OK in 15ms (Views: 14.1ms | ActiveRecord: 0.2ms | Allocations: 4659)


Started GET "/blogs" for ::1 at 2020-12-07 11:07:09 +0100
Processing by BlogsController#index as HTML
  Rendering blogs/index.html.erb within layouts/application
  [1m[36mBlog Load (0.2ms)[0m  [1m[34mSELECT "blogs".* FROM "blogs"[0m
  ↳ app/views/blogs/index.html.erb:14
  Rendered blogs/index.html.erb within layouts/application (Duration: 2.8ms | Allocations: 1045)
[Webpacker] Everything's up-to-date. Nothing to do
Completed 200 OK in 16ms (Views: 13.9ms | ActiveRecord: 0.2ms | Allocations: 5968)


Started GET "/blogs" for ::1 at 2020-12-07 11:08:19 +0100
Processing by BlogsController#index as HTML
  Rendering blogs/index.html.erb within layouts/application
  [1m[36mBlog Load (0.1ms)[0m  [1m[34mSELECT "blogs".* FROM "blogs"[0m
  ↳ app/views/blogs/index.html.erb:16
  Rendered blogs/index.html.erb within layouts/application (Duration: 2.5ms | Allocations: 1039)
[Webpacker] Everything's up-to-date. Nothing to do
Completed 200 OK in 13ms (Views: 11.2ms | ActiveRecord: 0.1ms | Allocations: 5944)


Started GET "/blogs" for ::1 at 2020-12-07 11:08:34 +0100
Processing by BlogsController#index as HTML
  Rendering blogs/index.html.erb within layouts/application
  [1m[36mBlog Load (0.2ms)[0m  [1m[34mSELECT "blogs".* FROM "blogs"[0m
  ↳ app/views/blogs/index.html.erb:16
  Rendered blogs/index.html.erb within layouts/application (Duration: 2.7ms | Allocations: 1035)
[Webpacker] Everything's up-to-date. Nothing to do
Completed 200 OK in 14ms (Views: 11.7ms | ActiveRecord: 0.2ms | Allocations: 5944)


Started GET "/blogs/new" for ::1 at 2020-12-07 11:08:40 +0100
Processing by BlogsController#new as HTML
  Rendering blogs/new.html.erb within layouts/application
  Rendered blogs/_form.html.erb (Duration: 2.7ms | Allocations: 1009)
  Rendered blogs/new.html.erb within layouts/application (Duration: 4.1ms | Allocations: 1334)
[Webpacker] Everything's up-to-date. Nothing to do
Completed 200 OK in 15ms (Views: 13.6ms | ActiveRecord: 0.0ms | Allocations: 5357)


Started POST "/blogs" for ::1 at 2020-12-07 11:08:49 +0100
Processing by BlogsController#create as HTML
  Parameters: {"authenticity_token"=>"5sHqy17LOv1ulub2xYAVswXE+rULPw9kmpatq6rG30w+UzuuQq9O175RjXXkd+pQScsV1tStPAIHQHmEgKhISA==", "blog"=>{"title"=>"This is a new title", "description"=>"This is a new description"}, "commit"=>"Create Blog"}
  [1m[35m (0.1ms)[0m  [1m[36mbegin transaction[0m
  ↳ app/controllers/blogs_controller.rb:30:in `block in create'
  [1m[36mBlog Create (0.4ms)[0m  [1m[32mINSERT INTO "blogs" ("title", "description", "created_at", "updated_at") VALUES (?, ?, ?, ?)[0m  [["title", "This is a new title"], ["description", "This is a new description"], ["created_at", "2020-12-07 10:08:49.059150"], ["updated_at", "2020-12-07 10:08:49.059150"]]
  ↳ app/controllers/blogs_controller.rb:30:in `block in create'
  [1m[35m (5.4ms)[0m  [1m[36mcommit transaction[0m
  ↳ app/controllers/blogs_controller.rb:30:in `block in create'
Redirected to http://localhost:3000/blogs/5
Completed 302 Found in 18ms (ActiveRecord: 6.0ms | Allocations: 4941)


Started GET "/blogs/5" for ::1 at 2020-12-07 11:08:49 +0100
Processing by BlogsController#show as HTML
  Parameters: {"id"=>"5"}
  [1m[36mBlog Load (0.1ms)[0m  [1m[34mSELECT "blogs".* FROM "blogs" WHERE "blogs"."id" = ? LIMIT ?[0m  [["id", 5], ["LIMIT", 1]]
  ↳ app/controllers/blogs_controller.rb:67:in `set_blog'
  Rendering blogs/show.html.erb within layouts/application
  Rendered blogs/show.html.erb within layouts/application (Duration: 1.4ms | Allocations: 235)
[Webpacker] Everything's up-to-date. Nothing to do
Completed 200 OK in 11ms (Views: 7.6ms | ActiveRecord: 0.1ms | Allocations: 4802)


Started GET "/blogs" for ::1 at 2020-12-07 11:08:52 +0100
Processing by BlogsController#index as HTML
  Rendering blogs/index.html.erb within layouts/application
  [1m[36mBlog Load (0.2ms)[0m  [1m[34mSELECT "blogs".* FROM "blogs"[0m
  ↳ app/views/blogs/index.html.erb:16
  Rendered blogs/index.html.erb within layouts/application (Duration: 3.1ms | Allocations: 938)
[Webpacker] Everything's up-to-date. Nothing to do
Completed 200 OK in 16ms (Views: 11.6ms | ActiveRecord: 0.2ms | Allocations: 4834)


Started GET "/blogs/4" for ::1 at 2020-12-07 11:08:55 +0100
Processing by BlogsController#show as HTML
  Parameters: {"id"=>"4"}
  [1m[36mBlog Load (0.2ms)[0m  [1m[34mSELECT "blogs".* FROM "blogs" WHERE "blogs"."id" = ? LIMIT ?[0m  [["id", 4], ["LIMIT", 1]]
  ↳ app/controllers/blogs_controller.rb:67:in `set_blog'
  Rendering blogs/show.html.erb within layouts/application
  Rendered blogs/show.html.erb within layouts/application (Duration: 0.6ms | Allocations: 80)
[Webpacker] Everything's up-to-date. Nothing to do
Completed 200 OK in 12ms (Views: 8.5ms | ActiveRecord: 0.2ms | Allocations: 4502)


Started GET "/blogs/5" for ::1 at 2020-12-07 11:08:57 +0100
Processing by BlogsController#show as HTML
  Parameters: {"id"=>"5"}
  [1m[36mBlog Load (0.2ms)[0m  [1m[34mSELECT "blogs".* FROM "blogs" WHERE "blogs"."id" = ? LIMIT ?[0m  [["id", 5], ["LIMIT", 1]]
  ↳ app/controllers/blogs_controller.rb:67:in `set_blog'
  Rendering blogs/show.html.erb within layouts/application
  Rendered blogs/show.html.erb within layouts/application (Duration: 0.4ms | Allocations: 81)
[Webpacker] Everything's up-to-date. Nothing to do
Completed 200 OK in 12ms (Views: 7.8ms | ActiveRecord: 0.2ms | Allocations: 4486)


Started GET "/" for ::1 at 2020-12-07 11:09:16 +0100
Processing by Rails::WelcomeController#index as HTML
  Rendering /home/dell/.rbenv/versions/2.7.0/lib/ruby/gems/2.7.0/gems/railties-6.0.3.4/lib/rails/templates/rails/welcome/index.html.erb
  Rendered /home/dell/.rbenv/versions/2.7.0/lib/ruby/gems/2.7.0/gems/railties-6.0.3.4/lib/rails/templates/rails/welcome/index.html.erb (Duration: 6.4ms | Allocations: 183)
Completed 200 OK in 10ms (Views: 8.8ms | ActiveRecord: 0.0ms | Allocations: 870)


Started GET "/blogs/5/edit" for ::1 at 2020-12-07 11:09:30 +0100
Processing by BlogsController#edit as HTML
  Parameters: {"id"=>"5"}
  [1m[36mBlog Load (0.2ms)[0m  [1m[34mSELECT "blogs".* FROM "blogs" WHERE "blogs"."id" = ? LIMIT ?[0m  [["id", 5], ["LIMIT", 1]]
  ↳ app/controllers/blogs_controller.rb:67:in `set_blog'
  Rendering blogs/edit.html.erb within layouts/application
  Rendered blogs/_form.html.erb (Duration: 2.1ms | Allocations: 753)
  Rendered blogs/edit.html.erb within layouts/application (Duration: 4.5ms | Allocations: 990)
[Webpacker] Everything's up-to-date. Nothing to do
Completed 200 OK in 17ms (Views: 13.4ms | ActiveRecord: 0.2ms | Allocations: 5528)


Started PATCH "/blogs/5" for ::1 at 2020-12-07 11:09:34 +0100
Processing by BlogsController#update as HTML
  Parameters: {"authenticity_token"=>"zVLZ4PZs8EKdg1TsUiq4kHIa0To0vxqHrMtFevHu+0Th6IT1MVna9d9GU5QCkAzeiErCCst3zlFF6WvVidN+OQ==", "blog"=>{"title"=>"This is a new title", "description"=>"This is a new description and edited"}, "commit"=>"Update Blog", "id"=>"5"}
  [1m[36mBlog Load (0.2ms)[0m  [1m[34mSELECT "blogs".* FROM "blogs" WHERE "blogs"."id" = ? LIMIT ?[0m  [["id", 5], ["LIMIT", 1]]
  ↳ app/controllers/blogs_controller.rb:67:in `set_blog'
Completed 500 Internal Server Error in 7ms (ActiveRecord: 0.2ms | Allocations: 1325)


  
ActiveModel::ForbiddenAttributesError (ActiveModel::ForbiddenAttributesError):
  
app/controllers/blogs_controller.rb:44:in `block in update'
app/controllers/blogs_controller.rb:43:in `update'
Started GET "/blogs/5" for ::1 at 2020-12-07 11:10:58 +0100
  [1m[35m (0.1ms)[0m  [1m[34mSELECT sqlite_version(*)[0m
Processing by BlogsController#show as HTML
  Parameters: {"id"=>"5"}
  [1m[36mBlog Load (0.1ms)[0m  [1m[34mSELECT "blogs".* FROM "blogs" WHERE "blogs"."id" = ? LIMIT ?[0m  [["id", 5], ["LIMIT", 1]]
  ↳ app/controllers/blogs_controller.rb:67:in `set_blog'
  Rendering blogs/show.html.erb within layouts/application
  Rendered blogs/show.html.erb within layouts/application (Duration: 0.6ms | Allocations: 92)
[Webpacker] Everything's up-to-date. Nothing to do
Completed 200 OK in 19ms (Views: 8.9ms | ActiveRecord: 0.8ms | Allocations: 8049)


Started GET "/blogs/5/edit" for ::1 at 2020-12-07 11:11:00 +0100
Processing by BlogsController#edit as HTML
  Parameters: {"id"=>"5"}
  [1m[36mBlog Load (0.2ms)[0m  [1m[34mSELECT "blogs".* FROM "blogs" WHERE "blogs"."id" = ? LIMIT ?[0m  [["id", 5], ["LIMIT", 1]]
  ↳ app/controllers/blogs_controller.rb:67:in `set_blog'
  Rendering blogs/edit.html.erb within layouts/application
  Rendered blogs/_form.html.erb (Duration: 2.9ms | Allocations: 799)
  Rendered blogs/edit.html.erb within layouts/application (Duration: 3.5ms | Allocations: 912)
[Webpacker] Everything's up-to-date. Nothing to do
Completed 200 OK in 17ms (Views: 14.0ms | ActiveRecord: 0.2ms | Allocations: 5331)


Started PATCH "/blogs/5" for ::1 at 2020-12-07 11:11:05 +0100
Processing by BlogsController#update as HTML
  Parameters: {"authenticity_token"=>"wYMMXzpzVa09RIxzQwnU2wk1ADhilepsT9TxKWQZ+GXtOVFK/UZ/Gn+BiwsTs2CV82UTCJ1dPrqm9t+GHCR9GA==", "blog"=>{"title"=>"This is a new title", "description"=>"This is a new description and edited"}, "commit"=>"Update Blog", "id"=>"5"}
  [1m[36mBlog Load (0.2ms)[0m  [1m[34mSELECT "blogs".* FROM "blogs" WHERE "blogs"."id" = ? LIMIT ?[0m  [["id", 5], ["LIMIT", 1]]
  ↳ app/controllers/blogs_controller.rb:67:in `set_blog'
  [1m[35m (0.2ms)[0m  [1m[36mbegin transaction[0m
  ↳ app/controllers/blogs_controller.rb:44:in `block in update'
  [1m[36mBlog Update (0.9ms)[0m  [1m[33mUPDATE "blogs" SET "description" = ?, "updated_at" = ? WHERE "blogs"."id" = ?[0m  [["description", "This is a new description and edited"], ["updated_at", "2020-12-07 10:11:05.106770"], ["id", 5]]
  ↳ app/controllers/blogs_controller.rb:44:in `block in update'
  [1m[35m (7.0ms)[0m  [1m[36mcommit transaction[0m
  ↳ app/controllers/blogs_controller.rb:44:in `block in update'
Redirected to http://localhost:3000/blogs/5
Completed 302 Found in 22ms (ActiveRecord: 8.2ms | Allocations: 5626)


Started GET "/blogs/5" for ::1 at 2020-12-07 11:11:05 +0100
Processing by BlogsController#show as HTML
  Parameters: {"id"=>"5"}
  [1m[36mBlog Load (0.1ms)[0m  [1m[34mSELECT "blogs".* FROM "blogs" WHERE "blogs"."id" = ? LIMIT ?[0m  [["id", 5], ["LIMIT", 1]]
  ↳ app/controllers/blogs_controller.rb:67:in `set_blog'
  Rendering blogs/show.html.erb within layouts/application
  Rendered blogs/show.html.erb within layouts/application (Duration: 0.4ms | Allocations: 83)
[Webpacker] Everything's up-to-date. Nothing to do
Completed 200 OK in 8ms (Views: 6.3ms | ActiveRecord: 0.1ms | Allocations: 4504)


Started GET "/blogs" for ::1 at 2020-12-07 11:11:10 +0100
Processing by BlogsController#index as HTML
  Rendering blogs/index.html.erb within layouts/application
  [1m[36mBlog Load (0.3ms)[0m  [1m[34mSELECT "blogs".* FROM "blogs"[0m
  ↳ app/views/blogs/index.html.erb:16
  Rendered blogs/index.html.erb within layouts/application (Duration: 2.8ms | Allocations: 953)
[Webpacker] Everything's up-to-date. Nothing to do
Completed 200 OK in 12ms (Views: 10.7ms | ActiveRecord: 0.3ms | Allocations: 4824)


Started GET "/blogs/new" for ::1 at 2020-12-07 11:11:41 +0100
Processing by BlogsController#new as HTML
  Rendering blogs/new.html.erb within layouts/application
  Rendered blogs/_form.html.erb (Duration: 2.4ms | Allocations: 701)
  Rendered blogs/new.html.erb within layouts/application (Duration: 2.9ms | Allocations: 783)
[Webpacker] Everything's up-to-date. Nothing to do
Completed 200 OK in 12ms (Views: 11.0ms | ActiveRecord: 0.0ms | Allocations: 4669)


Started POST "/blogs" for ::1 at 2020-12-07 11:11:49 +0100
Processing by BlogsController#create as HTML
  Parameters: {"authenticity_token"=>"aBwQ3BnoTeh9XrGrGncByUYvHiWzX621lM4uI/64AWGwjsG5BYw5wq2Z2ig7gP4qCiDxRmzNntMJGPoM1NaWZQ==", "blog"=>{"title"=>"Gzim Asani", "description"=>"Gzim Asani blog"}, "commit"=>"Create Blog"}
  [1m[35m (0.1ms)[0m  [1m[36mbegin transaction[0m
  ↳ app/controllers/blogs_controller.rb:30:in `block in create'
  [1m[36mBlog Create (0.4ms)[0m  [1m[32mINSERT INTO "blogs" ("title", "description", "created_at", "updated_at") VALUES (?, ?, ?, ?)[0m  [["title", "Gzim Asani"], ["description", "Gzim Asani blog"], ["created_at", "2020-12-07 10:11:49.694724"], ["updated_at", "2020-12-07 10:11:49.694724"]]
  ↳ app/controllers/blogs_controller.rb:30:in `block in create'
  [1m[35m (10.1ms)[0m  [1m[36mcommit transaction[0m
  ↳ app/controllers/blogs_controller.rb:30:in `block in create'
Redirected to http://localhost:3000/blogs/6
Completed 302 Found in 25ms (ActiveRecord: 10.6ms | Allocations: 4925)


Started GET "/blogs/6" for ::1 at 2020-12-07 11:11:49 +0100
Processing by BlogsController#show as HTML
  Parameters: {"id"=>"6"}
  [1m[36mBlog Load (0.2ms)[0m  [1m[34mSELECT "blogs".* FROM "blogs" WHERE "blogs"."id" = ? LIMIT ?[0m  [["id", 6], ["LIMIT", 1]]
  ↳ app/controllers/blogs_controller.rb:67:in `set_blog'
  Rendering blogs/show.html.erb within layouts/application
  Rendered blogs/show.html.erb within layouts/application (Duration: 0.4ms | Allocations: 82)
[Webpacker] Everything's up-to-date. Nothing to do
Completed 200 OK in 8ms (Views: 5.9ms | ActiveRecord: 0.2ms | Allocations: 4517)


Started GET "/blogs" for ::1 at 2020-12-07 11:33:31 +0100
  [1m[35m (0.1ms)[0m  [1m[34mSELECT sqlite_version(*)[0m
Processing by BlogsController#index as HTML
  Rendering blogs/index.html.erb within layouts/application
  [1m[36mBlog Load (0.5ms)[0m  [1m[34mSELECT "blogs".* FROM "blogs"[0m
  ↳ app/views/blogs/index.html.erb:16
  Rendered blogs/index.html.erb within layouts/application (Duration: 8.9ms | Allocations: 3774)
[Webpacker] Everything's up-to-date. Nothing to do
Completed 200 OK in 19ms (Views: 16.2ms | ActiveRecord: 0.5ms | Allocations: 8135)


Started GET "/blogs/4/edit" for ::1 at 2020-12-07 11:33:46 +0100
Processing by BlogsController#edit as HTML
  Parameters: {"id"=>"4"}
  [1m[36mBlog Load (0.3ms)[0m  [1m[34mSELECT "blogs".* FROM "blogs" WHERE "blogs"."id" = ? LIMIT ?[0m  [["id", 4], ["LIMIT", 1]]
  ↳ app/controllers/blogs_controller.rb:67:in `set_blog'
  Rendering blogs/edit.html.erb within layouts/application
  Rendered blogs/_form.html.erb (Duration: 2.6ms | Allocations: 748)
  Rendered blogs/edit.html.erb within layouts/application (Duration: 3.3ms | Allocations: 861)
[Webpacker] Everything's up-to-date. Nothing to do
Completed 200 OK in 16ms (Views: 11.9ms | ActiveRecord: 0.3ms | Allocations: 5396)


Started PATCH "/blogs/4" for ::1 at 2020-12-07 11:33:57 +0100
Processing by BlogsController#update as HTML
  Parameters: {"authenticity_token"=>"Hk/BzKXCIHsVWNxVRtmXYLT9cwJVqLh2fPvqxf6NKn0MEzi+/OW5aZu/qFJJRQIn2FRF9Msji0hA40zHj4Iz5g==", "blog"=>{"title"=>"gzim the first article", "description"=>"asani the second article!"}, "commit"=>"Update Blog", "id"=>"4"}
  [1m[36mBlog Load (0.2ms)[0m  [1m[34mSELECT "blogs".* FROM "blogs" WHERE "blogs"."id" = ? LIMIT ?[0m  [["id", 4], ["LIMIT", 1]]
  ↳ app/controllers/blogs_controller.rb:67:in `set_blog'
  [1m[35m (0.1ms)[0m  [1m[36mbegin transaction[0m
  ↳ app/controllers/blogs_controller.rb:44:in `block in update'
  [1m[36mBlog Update (0.9ms)[0m  [1m[33mUPDATE "blogs" SET "title" = ?, "description" = ?, "updated_at" = ? WHERE "blogs"."id" = ?[0m  [["title", "gzim the first article"], ["description", "asani the second article!"], ["updated_at", "2020-12-07 10:33:57.522096"], ["id", 4]]
  ↳ app/controllers/blogs_controller.rb:44:in `block in update'
  [1m[35m (6.0ms)[0m  [1m[36mcommit transaction[0m
  ↳ app/controllers/blogs_controller.rb:44:in `block in update'
Redirected to http://localhost:3000/blogs/4
Completed 302 Found in 33ms (ActiveRecord: 7.2ms | Allocations: 5614)


Started GET "/blogs/4" for ::1 at 2020-12-07 11:33:57 +0100
Processing by BlogsController#show as HTML
  Parameters: {"id"=>"4"}
  [1m[36mBlog Load (0.1ms)[0m  [1m[34mSELECT "blogs".* FROM "blogs" WHERE "blogs"."id" = ? LIMIT ?[0m  [["id", 4], ["LIMIT", 1]]
  ↳ app/controllers/blogs_controller.rb:67:in `set_blog'
  Rendering blogs/show.html.erb within layouts/application
  Rendered blogs/show.html.erb within layouts/application (Duration: 0.4ms | Allocations: 83)
[Webpacker] Everything's up-to-date. Nothing to do
Completed 200 OK in 10ms (Views: 7.1ms | ActiveRecord: 0.1ms | Allocations: 4515)


Started GET "/blogs" for ::1 at 2020-12-07 11:33:59 +0100
Processing by BlogsController#index as HTML
  Rendering blogs/index.html.erb within layouts/application
  [1m[36mBlog Load (0.2ms)[0m  [1m[34mSELECT "blogs".* FROM "blogs"[0m
  ↳ app/views/blogs/index.html.erb:16
  Rendered blogs/index.html.erb within layouts/application (Duration: 4.3ms | Allocations: 1084)
[Webpacker] Everything's up-to-date. Nothing to do
Completed 200 OK in 17ms (Views: 16.1ms | ActiveRecord: 0.2ms | Allocations: 4962)


Started GET "/blogs/new" for ::1 at 2020-12-07 11:36:14 +0100
  [1m[35m (0.1ms)[0m  [1m[34mSELECT sqlite_version(*)[0m
Processing by BlogsController#new as HTML
  Rendering blogs/new.html.erb within layouts/application
  Rendered blogs/_form.html.erb (Duration: 2.8ms | Allocations: 764)
  Rendered blogs/new.html.erb within layouts/application (Duration: 3.2ms | Allocations: 847)
[Webpacker] Everything's up-to-date. Nothing to do
Completed 200 OK in 29ms (Views: 15.5ms | ActiveRecord: 0.7ms | Allocations: 8523)


Started POST "/blogs" for ::1 at 2020-12-07 11:36:15 +0100
Processing by BlogsController#create as HTML
  Parameters: {"authenticity_token"=>"fynKQFkB18Hg/ZjLA1SA1K5K3Nyaev8r8nXOIXERFd2nuxslRWWj6zA680gio3834kUzv0XozE1voxoOW3+C2Q==", "blog"=>{"title"=>"", "description"=>""}, "commit"=>"Create Blog"}
  Rendering blogs/new.html.erb within layouts/application
  Rendered blogs/_form.html.erb (Duration: 5.8ms | Allocations: 1237)
  Rendered blogs/new.html.erb within layouts/application (Duration: 6.3ms | Allocations: 1319)
[Webpacker] Everything's up-to-date. Nothing to do
Completed 200 OK in 38ms (Views: 25.8ms | ActiveRecord: 0.0ms | Allocations: 7169)


Started POST "/blogs" for ::1 at 2020-12-07 12:24:59 +0100
  [1m[35m (0.2ms)[0m  [1m[34mSELECT sqlite_version(*)[0m
Processing by BlogsController#create as HTML
  Parameters: {"authenticity_token"=>"jBFX4Wl+u3vENek0xWHPfSxQxuhPijkku9cG8np8/SSJeJiW1xtAS1suQqKtjEgCtvfQqzn0zWpvgGwhsRBxXQ==", "blog"=>{"title"=>"", "description"=>""}, "commit"=>"Create Blog"}
  Rendering blogs/new.html.erb within layouts/application
  Rendered blogs/_form.html.erb (Duration: 5.6ms | Allocations: 1224)
  Rendered blogs/new.html.erb within layouts/application (Duration: 7.1ms | Allocations: 1306)
[Webpacker] Everything's up-to-date. Nothing to do
Completed 200 OK in 55ms (Views: 50.4ms | ActiveRecord: 0.0ms | Allocations: 15882)


